

Welcome to [92mRan[94mM[91mL

[0m
Your choices: 
Data:  False
Train:  [92mTrue[0m
SMOTE:  [92mTrue[0m
Class Weight:  False
NLP:  False [0m
Predict:  False
ROC:  False
CM:  False
BEST:  False
Models:  ['BAG']
Please wait while things initialize ...
2024-09-28 14:35:41.939408
Loading data ..
Dataset TRAIN FOMSMOTE: 
1    1328
0    1328
Name: label, dtype: int64
Dataset VAL FOMSMOTE: 
1    443
0    443
Name: label, dtype: int64
Dataset TEST FOMSMOTE: 
1    443
0    443
Name: label, dtype: int64


Training Classifiers ...

Training Bagging for FOMSMOTE...
Fitting 10 folds for each of 8 candidates, totalling 80 fits
[CV 1/10; 1/8] START estimator=RandomForestClassifier(), n_estimators=5.........
[CV 9/10; 1/8] START estimator=RandomForestClassifier(), n_estimators=5.........
[CV 7/10; 1/8] START estimator=RandomForestClassifier(), n_estimators=5.........
[CV 4/10; 1/8] START estimator=RandomForestClassifier(), n_estimators=5.........
[CV 8/10; 1/8] START estimator=RandomForestClassifier(), n_estimators=5.........
[CV 5/10; 1/8] START estimator=RandomForestClassifier(), n_estimators=5.........
[CV 10/10; 1/8] START estimator=RandomForestClassifier(), n_estimators=5........
[CV 2/10; 1/8] START estimator=RandomForestClassifier(), n_estimators=5.........
[CV 1/10; 2/8] START estimator=RandomForestClassifier(), n_estimators=10........
[CV 2/10; 2/8] START estimator=RandomForestClassifier(), n_estimators=10........
[CV 3/10; 1/8] START estimator=RandomForestClassifier(), n_estimators=5.........
[CV 3/10; 2/8] START estimator=RandomForestClassifier(), n_estimators=10........
[CV 4/10; 2/8] START estimator=RandomForestClassifier(), n_estimators=10........
[CV 5/10; 2/8] START estimator=RandomForestClassifier(), n_estimators=10........
[CV 6/10; 2/8] START estimator=RandomForestClassifier(), n_estimators=10........
[CV 6/10; 1/8] START estimator=RandomForestClassifier(), n_estimators=5.........
[CV 7/10; 2/8] START estimator=RandomForestClassifier(), n_estimators=10........
[CV 8/10; 2/8] START estimator=RandomForestClassifier(), n_estimators=10........
[CV 9/10; 2/8] START estimator=RandomForestClassifier(), n_estimators=10........
[CV 10/10; 2/8] START estimator=RandomForestClassifier(), n_estimators=10.......
[CV 1/10; 3/8] START estimator=RandomForestClassifier(), n_estimators=50........
[CV 2/10; 3/8] START estimator=RandomForestClassifier(), n_estimators=50........
[CV 3/10; 3/8] START estimator=RandomForestClassifier(), n_estimators=50........
[CV 4/10; 3/8] START estimator=RandomForestClassifier(), n_estimators=50........
[CV 5/10; 3/8] START estimator=RandomForestClassifier(), n_estimators=50........
[CV 6/10; 3/8] START estimator=RandomForestClassifier(), n_estimators=50........
[CV 7/10; 3/8] START estimator=RandomForestClassifier(), n_estimators=50........
[CV 8/10; 3/8] START estimator=RandomForestClassifier(), n_estimators=50........
[CV 9/10; 3/8] START estimator=RandomForestClassifier(), n_estimators=50........
[CV 10/10; 3/8] START estimator=RandomForestClassifier(), n_estimators=50.......
[CV 1/10; 4/8] START estimator=RandomForestClassifier(), n_estimators=250.......
[CV 2/10; 4/8] START estimator=RandomForestClassifier(), n_estimators=250.......
[CV 3/10; 4/8] START estimator=RandomForestClassifier(), n_estimators=250.......
[CV 4/10; 4/8] START estimator=RandomForestClassifier(), n_estimators=250.......
[CV 5/10; 4/8] START estimator=RandomForestClassifier(), n_estimators=250.......
[CV 6/10; 4/8] START estimator=RandomForestClassifier(), n_estimators=250.......
[CV 7/10; 4/8] START estimator=RandomForestClassifier(), n_estimators=250.......
[CV 8/10; 4/8] START estimator=RandomForestClassifier(), n_estimators=250.......
[CV 9/10; 4/8] START estimator=RandomForestClassifier(), n_estimators=250.......
[CV 10/10; 4/8] START estimator=RandomForestClassifier(), n_estimators=250......
[CV 1/10; 5/8] START estimator=DecisionTreeClassifier(), n_estimators=5.........
[CV 2/10; 5/8] START estimator=DecisionTreeClassifier(), n_estimators=5.........
[CV 3/10; 5/8] START estimator=DecisionTreeClassifier(), n_estimators=5.........
[CV 4/10; 5/8] START estimator=DecisionTreeClassifier(), n_estimators=5.........
[CV 5/10; 5/8] START estimator=DecisionTreeClassifier(), n_estimators=5.........
[CV 6/10; 5/8] START estimator=DecisionTreeClassifier(), n_estimators=5.........
[CV 7/10; 5/8] START estimator=DecisionTreeClassifier(), n_estimators=5.........
[CV 8/10; 5/8] START estimator=DecisionTreeClassifier(), n_estimators=5.........
[CV 9/10; 5/8] START estimator=DecisionTreeClassifier(), n_estimators=5.........
[CV 10/10; 5/8] START estimator=DecisionTreeClassifier(), n_estimators=5........
[CV 1/10; 6/8] START estimator=DecisionTreeClassifier(), n_estimators=10........
[CV 2/10; 6/8] START estimator=DecisionTreeClassifier(), n_estimators=10........
[CV 3/10; 6/8] START estimator=DecisionTreeClassifier(), n_estimators=10........
[CV 4/10; 6/8] START estimator=DecisionTreeClassifier(), n_estimators=10........
[CV 5/10; 6/8] START estimator=DecisionTreeClassifier(), n_estimators=10........
[CV 6/10; 6/8] START estimator=DecisionTreeClassifier(), n_estimators=10........
[CV 2/10; 5/8] END estimator=DecisionTreeClassifier(), n_estimators=5;, score=0.906 total time=   5.0s
[CV 7/10; 6/8] START estimator=DecisionTreeClassifier(), n_estimators=10........
[CV 6/10; 5/8] END estimator=DecisionTreeClassifier(), n_estimators=5;, score=0.925 total time=   4.6s
[CV 8/10; 6/8] START estimator=DecisionTreeClassifier(), n_estimators=10........
[CV 9/10; 5/8] END estimator=DecisionTreeClassifier(), n_estimators=5;, score=0.928 total time=   4.5s
[CV 9/10; 6/8] START estimator=DecisionTreeClassifier(), n_estimators=10........
[CV 8/10; 5/8] END estimator=DecisionTreeClassifier(), n_estimators=5;, score=0.932 total time=   4.6s
[CV 10/10; 6/8] START estimator=DecisionTreeClassifier(), n_estimators=10.......
[CV 3/10; 5/8] END estimator=DecisionTreeClassifier(), n_estimators=5;, score=0.925 total time=   5.2s
[CV 1/10; 7/8] START estimator=DecisionTreeClassifier(), n_estimators=50........
[CV 1/10; 5/8] END estimator=DecisionTreeClassifier(), n_estimators=5;, score=0.932 total time=   5.3s
[CV 2/10; 7/8] START estimator=DecisionTreeClassifier(), n_estimators=50........
[CV 7/10; 5/8] END estimator=DecisionTreeClassifier(), n_estimators=5;, score=0.936 total time=   4.9s
[CV 3/10; 7/8] START estimator=DecisionTreeClassifier(), n_estimators=50........
[CV 4/10; 5/8] END estimator=DecisionTreeClassifier(), n_estimators=5;, score=0.940 total time=   5.3s
[CV 4/10; 7/8] START estimator=DecisionTreeClassifier(), n_estimators=50........
[CV 10/10; 5/8] END estimator=DecisionTreeClassifier(), n_estimators=5;, score=0.917 total time=   4.6s
[CV 5/10; 7/8] START estimator=DecisionTreeClassifier(), n_estimators=50........
[CV 5/10; 5/8] END estimator=DecisionTreeClassifier(), n_estimators=5;, score=0.902 total time=   5.5s
[CV 6/10; 7/8] START estimator=DecisionTreeClassifier(), n_estimators=50........
[CV 2/10; 6/8] END estimator=DecisionTreeClassifier(), n_estimators=10;, score=0.917 total time=   5.8s
[CV 7/10; 7/8] START estimator=DecisionTreeClassifier(), n_estimators=50........
[CV 4/10; 6/8] END estimator=DecisionTreeClassifier(), n_estimators=10;, score=0.936 total time=   5.8s
[CV 8/10; 7/8] START estimator=DecisionTreeClassifier(), n_estimators=50........
[CV 1/10; 6/8] END estimator=DecisionTreeClassifier(), n_estimators=10;, score=0.936 total time=   6.1s
[CV 9/10; 7/8] START estimator=DecisionTreeClassifier(), n_estimators=50........
[CV 3/10; 6/8] END estimator=DecisionTreeClassifier(), n_estimators=10;, score=0.936 total time=   6.1s
[CV 10/10; 7/8] START estimator=DecisionTreeClassifier(), n_estimators=50.......
[CV 5/10; 6/8] END estimator=DecisionTreeClassifier(), n_estimators=10;, score=0.914 total time=   6.1s
[CV 1/10; 8/8] START estimator=DecisionTreeClassifier(), n_estimators=250.......
[CV 6/10; 6/8] END estimator=DecisionTreeClassifier(), n_estimators=10;, score=0.925 total time=   6.1s
[CV 2/10; 8/8] START estimator=DecisionTreeClassifier(), n_estimators=250.......
[CV 9/10; 6/8] END estimator=DecisionTreeClassifier(), n_estimators=10;, score=0.932 total time=   3.4s
[CV 3/10; 8/8] START estimator=DecisionTreeClassifier(), n_estimators=250.......
[CV 7/10; 6/8] END estimator=DecisionTreeClassifier(), n_estimators=10;, score=0.936 total time=   3.7s
[CV 4/10; 8/8] START estimator=DecisionTreeClassifier(), n_estimators=250.......
[CV 8/10; 6/8] END estimator=DecisionTreeClassifier(), n_estimators=10;, score=0.932 total time=   3.7s
[CV 5/10; 8/8] START estimator=DecisionTreeClassifier(), n_estimators=250.......
[CV 10/10; 6/8] END estimator=DecisionTreeClassifier(), n_estimators=10;, score=0.917 total time=   3.5s
[CV 6/10; 8/8] START estimator=DecisionTreeClassifier(), n_estimators=250.......
[CV 5/10; 7/8] END estimator=DecisionTreeClassifier(), n_estimators=50;, score=0.906 total time=  16.4s
[CV 7/10; 8/8] START estimator=DecisionTreeClassifier(), n_estimators=250.......
[CV 3/10; 7/8] END estimator=DecisionTreeClassifier(), n_estimators=50;, score=0.936 total time=  16.8s
[CV 8/10; 8/8] START estimator=DecisionTreeClassifier(), n_estimators=250.......
[CV 2/10; 7/8] END estimator=DecisionTreeClassifier(), n_estimators=50;, score=0.917 total time=  17.1s
[CV 9/10; 8/8] START estimator=DecisionTreeClassifier(), n_estimators=250.......
[CV 4/10; 7/8] END estimator=DecisionTreeClassifier(), n_estimators=50;, score=0.936 total time=  17.0s
[CV 10/10; 8/8] START estimator=DecisionTreeClassifier(), n_estimators=250......
[CV 1/10; 7/8] END estimator=DecisionTreeClassifier(), n_estimators=50;, score=0.936 total time=  18.0s
[CV 6/10; 7/8] END estimator=DecisionTreeClassifier(), n_estimators=50;, score=0.921 total time=  17.6s
[CV 7/10; 7/8] END estimator=DecisionTreeClassifier(), n_estimators=50;, score=0.936 total time=  17.1s
[CV 9/10; 7/8] END estimator=DecisionTreeClassifier(), n_estimators=50;, score=0.925 total time=  17.0s
[CV 10/10; 7/8] END estimator=DecisionTreeClassifier(), n_estimators=50;, score=0.917 total time=  17.5s
[CV 8/10; 7/8] END estimator=DecisionTreeClassifier(), n_estimators=50;, score=0.932 total time=  18.2s
[CV 1/10; 8/8] END estimator=DecisionTreeClassifier(), n_estimators=250;, score=0.936 total time= 1.4min
[CV 2/10; 8/8] END estimator=DecisionTreeClassifier(), n_estimators=250;, score=0.914 total time= 1.4min
[CV 4/10; 8/8] END estimator=DecisionTreeClassifier(), n_estimators=250;, score=0.936 total time= 1.4min
[CV 3/10; 8/8] END estimator=DecisionTreeClassifier(), n_estimators=250;, score=0.936 total time= 1.5min
[CV 6/10; 8/8] END estimator=DecisionTreeClassifier(), n_estimators=250;, score=0.925 total time= 1.5min
[CV 5/10; 8/8] END estimator=DecisionTreeClassifier(), n_estimators=250;, score=0.910 total time= 1.5min
[CV 8/10; 8/8] END estimator=DecisionTreeClassifier(), n_estimators=250;, score=0.932 total time= 1.4min
[CV 7/10; 8/8] END estimator=DecisionTreeClassifier(), n_estimators=250;, score=0.936 total time= 1.4min
[CV 10/10; 8/8] END estimator=DecisionTreeClassifier(), n_estimators=250;, score=0.917 total time= 1.4min
[CV 9/10; 8/8] END estimator=DecisionTreeClassifier(), n_estimators=250;, score=0.928 total time= 1.4min
[CV 7/10; 1/8] END estimator=RandomForestClassifier(), n_estimators=5;, score=0.928 total time= 2.4min
[CV 5/10; 1/8] END estimator=RandomForestClassifier(), n_estimators=5;, score=0.914 total time= 2.4min
[CV 3/10; 1/8] END estimator=RandomForestClassifier(), n_estimators=5;, score=0.929 total time= 2.4min
[CV 10/10; 1/8] END estimator=RandomForestClassifier(), n_estimators=5;, score=0.921 total time= 2.5min
[CV 8/10; 1/8] END estimator=RandomForestClassifier(), n_estimators=5;, score=0.932 total time= 2.5min
[CV 2/10; 1/8] END estimator=RandomForestClassifier(), n_estimators=5;, score=0.914 total time= 2.5min
[CV 9/10; 1/8] END estimator=RandomForestClassifier(), n_estimators=5;, score=0.928 total time= 2.5min
[CV 4/10; 1/8] END estimator=RandomForestClassifier(), n_estimators=5;, score=0.940 total time= 2.5min
[CV 6/10; 1/8] END estimator=RandomForestClassifier(), n_estimators=5;, score=0.929 total time= 2.5min
[CV 1/10; 1/8] END estimator=RandomForestClassifier(), n_estimators=5;, score=0.929 total time= 2.5min
[CV 8/10; 2/8] END estimator=RandomForestClassifier(), n_estimators=10;, score=0.928 total time= 3.9min
[CV 3/10; 2/8] END estimator=RandomForestClassifier(), n_estimators=10;, score=0.929 total time= 3.9min
[CV 1/10; 2/8] END estimator=RandomForestClassifier(), n_estimators=10;, score=0.929 total time= 4.0min
[CV 7/10; 2/8] END estimator=RandomForestClassifier(), n_estimators=10;, score=0.928 total time= 4.0min
[CV 2/10; 2/8] END estimator=RandomForestClassifier(), n_estimators=10;, score=0.914 total time= 4.0min
[CV 5/10; 2/8] END estimator=RandomForestClassifier(), n_estimators=10;, score=0.917 total time= 4.0min
[CV 10/10; 2/8] END estimator=RandomForestClassifier(), n_estimators=10;, score=0.921 total time= 4.0min
[CV 6/10; 2/8] END estimator=RandomForestClassifier(), n_estimators=10;, score=0.929 total time= 4.0min
[CV 9/10; 2/8] END estimator=RandomForestClassifier(), n_estimators=10;, score=0.928 total time= 4.0min
[CV 4/10; 2/8] END estimator=RandomForestClassifier(), n_estimators=10;, score=0.940 total time= 4.0min
[CV 8/10; 3/8] END estimator=RandomForestClassifier(), n_estimators=50;, score=0.932 total time=11.7min
[CV 9/10; 3/8] END estimator=RandomForestClassifier(), n_estimators=50;, score=0.928 total time=11.7min
[CV 10/10; 3/8] END estimator=RandomForestClassifier(), n_estimators=50;, score=0.925 total time=11.8min
[CV 7/10; 3/8] END estimator=RandomForestClassifier(), n_estimators=50;, score=0.928 total time=11.8min
[CV 5/10; 3/8] END estimator=RandomForestClassifier(), n_estimators=50;, score=0.917 total time=11.8min
[CV 3/10; 3/8] END estimator=RandomForestClassifier(), n_estimators=50;, score=0.925 total time=11.8min
[CV 4/10; 3/8] END estimator=RandomForestClassifier(), n_estimators=50;, score=0.940 total time=11.8min
[CV 1/10; 3/8] END estimator=RandomForestClassifier(), n_estimators=50;, score=0.929 total time=11.9min
[CV 2/10; 3/8] END estimator=RandomForestClassifier(), n_estimators=50;, score=0.914 total time=11.9min
[CV 6/10; 3/8] END estimator=RandomForestClassifier(), n_estimators=50;, score=0.929 total time=11.9min
[CV 5/10; 4/8] END estimator=RandomForestClassifier(), n_estimators=250;, score=0.917 total time=30.4min
[CV 7/10; 4/8] END estimator=RandomForestClassifier(), n_estimators=250;, score=0.928 total time=30.4min
[CV 2/10; 4/8] END estimator=RandomForestClassifier(), n_estimators=250;, score=0.914 total time=30.4min
[CV 10/10; 4/8] END estimator=RandomForestClassifier(), n_estimators=250;, score=0.921 total time=30.5min
[CV 9/10; 4/8] END estimator=RandomForestClassifier(), n_estimators=250;, score=0.928 total time=30.5min
[CV 3/10; 4/8] END estimator=RandomForestClassifier(), n_estimators=250;, score=0.929 total time=30.5min
[CV 1/10; 4/8] END estimator=RandomForestClassifier(), n_estimators=250;, score=0.929 total time=30.5min
[CV 8/10; 4/8] END estimator=RandomForestClassifier(), n_estimators=250;, score=0.932 total time=30.5min
[CV 4/10; 4/8] END estimator=RandomForestClassifier(), n_estimators=250;, score=0.940 total time=30.5min
[CV 6/10; 4/8] END estimator=RandomForestClassifier(), n_estimators=250;, score=0.929 total time=30.5min
0.9262 (+/-0.0155) for {'estimator': RandomForestClassifier(), 'n_estimators': 5}
0.9262 (+/-0.0139) for {'estimator': RandomForestClassifier(), 'n_estimators': 10}
0.9266 (+/-0.0139) for {'estimator': RandomForestClassifier(), 'n_estimators': 50}
0.9266 (+/-0.0143) for {'estimator': RandomForestClassifier(), 'n_estimators': 250}
0.9243 (+/-0.0236) for {'estimator': DecisionTreeClassifier(), 'n_estimators': 5}
0.9281 (+/-0.0173) for {'estimator': DecisionTreeClassifier(), 'n_estimators': 10}
0.9262 (+/-0.0202) for {'estimator': DecisionTreeClassifier(), 'n_estimators': 50}
0.927 (+/-0.0194) for {'estimator': DecisionTreeClassifier(), 'n_estimators': 250}
BEST PARAMS for Bagging + FOMSMOTE: {'estimator': DecisionTreeClassifier(), 'n_estimators': 10}

Train time for Bagging + FOMSMOTE: 30.554841327667237 min

Welcome to [92mRan[94mM[91mL

[0m
Your choices: 
Data:  False
Train:  [92mTrue[0m
SMOTE:  [92mTrue[0m
Class Weight:  False
NLP:  False [0m
Predict:  False
ROC:  False
CM:  False
BEST:  False
Models:  ['BAG']
Please wait while things initialize ...
2024-09-28 14:35:41.939408
Loading data ..
Dataset TRAIN FOMSMOTE: 
1    1328
0    1328
Name: label, dtype: int64
Dataset VAL FOMSMOTE: 
1    443
0    443
Name: label, dtype: int64
Dataset TEST FOMSMOTE: 
1    443
0    443
Name: label, dtype: int64


Training Classifiers ...

Training Bagging for FOMSMOTE...
Fitting 10 folds for each of 8 candidates, totalling 80 fits
[CV 1/10; 1/8] START estimator=RandomForestClassifier(), n_estimators=5.........
[CV 9/10; 1/8] START estimator=RandomForestClassifier(), n_estimators=5.........
[CV 7/10; 1/8] START estimator=RandomForestClassifier(), n_estimators=5.........
[CV 4/10; 1/8] START estimator=RandomForestClassifier(), n_estimators=5.........
[CV 8/10; 1/8] START estimator=RandomForestClassifier(), n_estimators=5.........
[CV 5/10; 1/8] START estimator=RandomForestClassifier(), n_estimators=5.........
[CV 10/10; 1/8] START estimator=RandomForestClassifier(), n_estimators=5........
[CV 2/10; 1/8] START estimator=RandomForestClassifier(), n_estimators=5.........
[CV 1/10; 2/8] START estimator=RandomForestClassifier(), n_estimators=10........
[CV 2/10; 2/8] START estimator=RandomForestClassifier(), n_estimators=10........
[CV 3/10; 1/8] START estimator=RandomForestClassifier(), n_estimators=5.........
[CV 3/10; 2/8] START estimator=RandomForestClassifier(), n_estimators=10........
[CV 4/10; 2/8] START estimator=RandomForestClassifier(), n_estimators=10........
[CV 5/10; 2/8] START estimator=RandomForestClassifier(), n_estimators=10........
[CV 6/10; 2/8] START estimator=RandomForestClassifier(), n_estimators=10........
[CV 6/10; 1/8] START estimator=RandomForestClassifier(), n_estimators=5.........
[CV 7/10; 2/8] START estimator=RandomForestClassifier(), n_estimators=10........
[CV 8/10; 2/8] START estimator=RandomForestClassifier(), n_estimators=10........
[CV 9/10; 2/8] START estimator=RandomForestClassifier(), n_estimators=10........
[CV 10/10; 2/8] START estimator=RandomForestClassifier(), n_estimators=10.......
[CV 1/10; 3/8] START estimator=RandomForestClassifier(), n_estimators=50........
[CV 2/10; 3/8] START estimator=RandomForestClassifier(), n_estimators=50........
[CV 3/10; 3/8] START estimator=RandomForestClassifier(), n_estimators=50........
[CV 4/10; 3/8] START estimator=RandomForestClassifier(), n_estimators=50........
[CV 5/10; 3/8] START estimator=RandomForestClassifier(), n_estimators=50........
[CV 6/10; 3/8] START estimator=RandomForestClassifier(), n_estimators=50........
[CV 7/10; 3/8] START estimator=RandomForestClassifier(), n_estimators=50........
[CV 8/10; 3/8] START estimator=RandomForestClassifier(), n_estimators=50........
[CV 9/10; 3/8] START estimator=RandomForestClassifier(), n_estimators=50........
[CV 10/10; 3/8] START estimator=RandomForestClassifier(), n_estimators=50.......
[CV 1/10; 4/8] START estimator=RandomForestClassifier(), n_estimators=250.......
[CV 2/10; 4/8] START estimator=RandomForestClassifier(), n_estimators=250.......
[CV 3/10; 4/8] START estimator=RandomForestClassifier(), n_estimators=250.......
[CV 4/10; 4/8] START estimator=RandomForestClassifier(), n_estimators=250.......
[CV 5/10; 4/8] START estimator=RandomForestClassifier(), n_estimators=250.......
[CV 6/10; 4/8] START estimator=RandomForestClassifier(), n_estimators=250.......
[CV 7/10; 4/8] START estimator=RandomForestClassifier(), n_estimators=250.......
[CV 8/10; 4/8] START estimator=RandomForestClassifier(), n_estimators=250.......
[CV 9/10; 4/8] START estimator=RandomForestClassifier(), n_estimators=250.......
[CV 10/10; 4/8] START estimator=RandomForestClassifier(), n_estimators=250......
[CV 1/10; 5/8] START estimator=DecisionTreeClassifier(), n_estimators=5.........
[CV 2/10; 5/8] START estimator=DecisionTreeClassifier(), n_estimators=5.........
[CV 3/10; 5/8] START estimator=DecisionTreeClassifier(), n_estimators=5.........
[CV 4/10; 5/8] START estimator=DecisionTreeClassifier(), n_estimators=5.........
[CV 5/10; 5/8] START estimator=DecisionTreeClassifier(), n_estimators=5.........
[CV 6/10; 5/8] START estimator=DecisionTreeClassifier(), n_estimators=5.........
[CV 7/10; 5/8] START estimator=DecisionTreeClassifier(), n_estimators=5.........
[CV 8/10; 5/8] START estimator=DecisionTreeClassifier(), n_estimators=5.........
[CV 9/10; 5/8] START estimator=DecisionTreeClassifier(), n_estimators=5.........
[CV 10/10; 5/8] START estimator=DecisionTreeClassifier(), n_estimators=5........
[CV 1/10; 6/8] START estimator=DecisionTreeClassifier(), n_estimators=10........
[CV 2/10; 6/8] START estimator=DecisionTreeClassifier(), n_estimators=10........
[CV 3/10; 6/8] START estimator=DecisionTreeClassifier(), n_estimators=10........
[CV 4/10; 6/8] START estimator=DecisionTreeClassifier(), n_estimators=10........
[CV 5/10; 6/8] START estimator=DecisionTreeClassifier(), n_estimators=10........
[CV 6/10; 6/8] START estimator=DecisionTreeClassifier(), n_estimators=10........
[CV 2/10; 5/8] END estimator=DecisionTreeClassifier(), n_estimators=5;, score=0.906 total time=   5.0s
[CV 7/10; 6/8] START estimator=DecisionTreeClassifier(), n_estimators=10........
[CV 6/10; 5/8] END estimator=DecisionTreeClassifier(), n_estimators=5;, score=0.925 total time=   4.6s
[CV 8/10; 6/8] START estimator=DecisionTreeClassifier(), n_estimators=10........
[CV 9/10; 5/8] END estimator=DecisionTreeClassifier(), n_estimators=5;, score=0.928 total time=   4.5s
[CV 9/10; 6/8] START estimator=DecisionTreeClassifier(), n_estimators=10........
[CV 8/10; 5/8] END estimator=DecisionTreeClassifier(), n_estimators=5;, score=0.932 total time=   4.6s
[CV 10/10; 6/8] START estimator=DecisionTreeClassifier(), n_estimators=10.......
[CV 3/10; 5/8] END estimator=DecisionTreeClassifier(), n_estimators=5;, score=0.925 total time=   5.2s
[CV 1/10; 7/8] START estimator=DecisionTreeClassifier(), n_estimators=50........
[CV 1/10; 5/8] END estimator=DecisionTreeClassifier(), n_estimators=5;, score=0.932 total time=   5.3s
[CV 2/10; 7/8] START estimator=DecisionTreeClassifier(), n_estimators=50........
[CV 7/10; 5/8] END estimator=DecisionTreeClassifier(), n_estimators=5;, score=0.936 total time=   4.9s
[CV 3/10; 7/8] START estimator=DecisionTreeClassifier(), n_estimators=50........
[CV 4/10; 5/8] END estimator=DecisionTreeClassifier(), n_estimators=5;, score=0.940 total time=   5.3s
[CV 4/10; 7/8] START estimator=DecisionTreeClassifier(), n_estimators=50........
[CV 10/10; 5/8] END estimator=DecisionTreeClassifier(), n_estimators=5;, score=0.917 total time=   4.6s
[CV 5/10; 7/8] START estimator=DecisionTreeClassifier(), n_estimators=50........
[CV 5/10; 5/8] END estimator=DecisionTreeClassifier(), n_estimators=5;, score=0.902 total time=   5.5s
[CV 6/10; 7/8] START estimator=DecisionTreeClassifier(), n_estimators=50........
[CV 2/10; 6/8] END estimator=DecisionTreeClassifier(), n_estimators=10;, score=0.917 total time=   5.8s
[CV 7/10; 7/8] START estimator=DecisionTreeClassifier(), n_estimators=50........
[CV 4/10; 6/8] END estimator=DecisionTreeClassifier(), n_estimators=10;, score=0.936 total time=   5.8s
[CV 8/10; 7/8] START estimator=DecisionTreeClassifier(), n_estimators=50........
[CV 1/10; 6/8] END estimator=DecisionTreeClassifier(), n_estimators=10;, score=0.936 total time=   6.1s
[CV 9/10; 7/8] START estimator=DecisionTreeClassifier(), n_estimators=50........
[CV 3/10; 6/8] END estimator=DecisionTreeClassifier(), n_estimators=10;, score=0.936 total time=   6.1s
[CV 10/10; 7/8] START estimator=DecisionTreeClassifier(), n_estimators=50.......
[CV 5/10; 6/8] END estimator=DecisionTreeClassifier(), n_estimators=10;, score=0.914 total time=   6.1s
[CV 1/10; 8/8] START estimator=DecisionTreeClassifier(), n_estimators=250.......
[CV 6/10; 6/8] END estimator=DecisionTreeClassifier(), n_estimators=10;, score=0.925 total time=   6.1s
[CV 2/10; 8/8] START estimator=DecisionTreeClassifier(), n_estimators=250.......
[CV 9/10; 6/8] END estimator=DecisionTreeClassifier(), n_estimators=10;, score=0.932 total time=   3.4s
[CV 3/10; 8/8] START estimator=DecisionTreeClassifier(), n_estimators=250.......
[CV 7/10; 6/8] END estimator=DecisionTreeClassifier(), n_estimators=10;, score=0.936 total time=   3.7s
[CV 4/10; 8/8] START estimator=DecisionTreeClassifier(), n_estimators=250.......
[CV 8/10; 6/8] END estimator=DecisionTreeClassifier(), n_estimators=10;, score=0.932 total time=   3.7s
[CV 5/10; 8/8] START estimator=DecisionTreeClassifier(), n_estimators=250.......
[CV 10/10; 6/8] END estimator=DecisionTreeClassifier(), n_estimators=10;, score=0.917 total time=   3.5s
[CV 6/10; 8/8] START estimator=DecisionTreeClassifier(), n_estimators=250.......
[CV 5/10; 7/8] END estimator=DecisionTreeClassifier(), n_estimators=50;, score=0.906 total time=  16.4s
[CV 7/10; 8/8] START estimator=DecisionTreeClassifier(), n_estimators=250.......
[CV 3/10; 7/8] END estimator=DecisionTreeClassifier(), n_estimators=50;, score=0.936 total time=  16.8s
[CV 8/10; 8/8] START estimator=DecisionTreeClassifier(), n_estimators=250.......
[CV 2/10; 7/8] END estimator=DecisionTreeClassifier(), n_estimators=50;, score=0.917 total time=  17.1s
[CV 9/10; 8/8] START estimator=DecisionTreeClassifier(), n_estimators=250.......
[CV 4/10; 7/8] END estimator=DecisionTreeClassifier(), n_estimators=50;, score=0.936 total time=  17.0s
[CV 10/10; 8/8] START estimator=DecisionTreeClassifier(), n_estimators=250......
[CV 1/10; 7/8] END estimator=DecisionTreeClassifier(), n_estimators=50;, score=0.936 total time=  18.0s
[CV 6/10; 7/8] END estimator=DecisionTreeClassifier(), n_estimators=50;, score=0.921 total time=  17.6s
[CV 7/10; 7/8] END estimator=DecisionTreeClassifier(), n_estimators=50;, score=0.936 total time=  17.1s
[CV 9/10; 7/8] END estimator=DecisionTreeClassifier(), n_estimators=50;, score=0.925 total time=  17.0s
[CV 10/10; 7/8] END estimator=DecisionTreeClassifier(), n_estimators=50;, score=0.917 total time=  17.5s
[CV 8/10; 7/8] END estimator=DecisionTreeClassifier(), n_estimators=50;, score=0.932 total time=  18.2s
[CV 1/10; 8/8] END estimator=DecisionTreeClassifier(), n_estimators=250;, score=0.936 total time= 1.4min
[CV 2/10; 8/8] END estimator=DecisionTreeClassifier(), n_estimators=250;, score=0.914 total time= 1.4min
[CV 4/10; 8/8] END estimator=DecisionTreeClassifier(), n_estimators=250;, score=0.936 total time= 1.4min
[CV 3/10; 8/8] END estimator=DecisionTreeClassifier(), n_estimators=250;, score=0.936 total time= 1.5min
[CV 6/10; 8/8] END estimator=DecisionTreeClassifier(), n_estimators=250;, score=0.925 total time= 1.5min
[CV 5/10; 8/8] END estimator=DecisionTreeClassifier(), n_estimators=250;, score=0.910 total time= 1.5min
[CV 8/10; 8/8] END estimator=DecisionTreeClassifier(), n_estimators=250;, score=0.932 total time= 1.4min
[CV 7/10; 8/8] END estimator=DecisionTreeClassifier(), n_estimators=250;, score=0.936 total time= 1.4min
[CV 10/10; 8/8] END estimator=DecisionTreeClassifier(), n_estimators=250;, score=0.917 total time= 1.4min
[CV 9/10; 8/8] END estimator=DecisionTreeClassifier(), n_estimators=250;, score=0.928 total time= 1.4min
[CV 7/10; 1/8] END estimator=RandomForestClassifier(), n_estimators=5;, score=0.928 total time= 2.4min
[CV 5/10; 1/8] END estimator=RandomForestClassifier(), n_estimators=5;, score=0.914 total time= 2.4min
[CV 3/10; 1/8] END estimator=RandomForestClassifier(), n_estimators=5;, score=0.929 total time= 2.4min
[CV 10/10; 1/8] END estimator=RandomForestClassifier(), n_estimators=5;, score=0.921 total time= 2.5min
[CV 8/10; 1/8] END estimator=RandomForestClassifier(), n_estimators=5;, score=0.932 total time= 2.5min
[CV 2/10; 1/8] END estimator=RandomForestClassifier(), n_estimators=5;, score=0.914 total time= 2.5min
[CV 9/10; 1/8] END estimator=RandomForestClassifier(), n_estimators=5;, score=0.928 total time= 2.5min
[CV 4/10; 1/8] END estimator=RandomForestClassifier(), n_estimators=5;, score=0.940 total time= 2.5min
[CV 6/10; 1/8] END estimator=RandomForestClassifier(), n_estimators=5;, score=0.929 total time= 2.5min
[CV 1/10; 1/8] END estimator=RandomForestClassifier(), n_estimators=5;, score=0.929 total time= 2.5min
[CV 8/10; 2/8] END estimator=RandomForestClassifier(), n_estimators=10;, score=0.928 total time= 3.9min
[CV 3/10; 2/8] END estimator=RandomForestClassifier(), n_estimators=10;, score=0.929 total time= 3.9min
[CV 1/10; 2/8] END estimator=RandomForestClassifier(), n_estimators=10;, score=0.929 total time= 4.0min
[CV 7/10; 2/8] END estimator=RandomForestClassifier(), n_estimators=10;, score=0.928 total time= 4.0min
[CV 2/10; 2/8] END estimator=RandomForestClassifier(), n_estimators=10;, score=0.914 total time= 4.0min
[CV 5/10; 2/8] END estimator=RandomForestClassifier(), n_estimators=10;, score=0.917 total time= 4.0min
[CV 10/10; 2/8] END estimator=RandomForestClassifier(), n_estimators=10;, score=0.921 total time= 4.0min
[CV 6/10; 2/8] END estimator=RandomForestClassifier(), n_estimators=10;, score=0.929 total time= 4.0min
[CV 9/10; 2/8] END estimator=RandomForestClassifier(), n_estimators=10;, score=0.928 total time= 4.0min
[CV 4/10; 2/8] END estimator=RandomForestClassifier(), n_estimators=10;, score=0.940 total time= 4.0min
[CV 8/10; 3/8] END estimator=RandomForestClassifier(), n_estimators=50;, score=0.932 total time=11.7min
[CV 9/10; 3/8] END estimator=RandomForestClassifier(), n_estimators=50;, score=0.928 total time=11.7min
[CV 10/10; 3/8] END estimator=RandomForestClassifier(), n_estimators=50;, score=0.925 total time=11.8min
[CV 7/10; 3/8] END estimator=RandomForestClassifier(), n_estimators=50;, score=0.928 total time=11.8min
[CV 5/10; 3/8] END estimator=RandomForestClassifier(), n_estimators=50;, score=0.917 total time=11.8min
[CV 3/10; 3/8] END estimator=RandomForestClassifier(), n_estimators=50;, score=0.925 total time=11.8min
[CV 4/10; 3/8] END estimator=RandomForestClassifier(), n_estimators=50;, score=0.940 total time=11.8min
[CV 1/10; 3/8] END estimator=RandomForestClassifier(), n_estimators=50;, score=0.929 total time=11.9min
[CV 2/10; 3/8] END estimator=RandomForestClassifier(), n_estimators=50;, score=0.914 total time=11.9min
[CV 6/10; 3/8] END estimator=RandomForestClassifier(), n_estimators=50;, score=0.929 total time=11.9min
[CV 5/10; 4/8] END estimator=RandomForestClassifier(), n_estimators=250;, score=0.917 total time=30.4min
[CV 7/10; 4/8] END estimator=RandomForestClassifier(), n_estimators=250;, score=0.928 total time=30.4min
[CV 2/10; 4/8] END estimator=RandomForestClassifier(), n_estimators=250;, score=0.914 total time=30.4min
[CV 10/10; 4/8] END estimator=RandomForestClassifier(), n_estimators=250;, score=0.921 total time=30.5min
[CV 9/10; 4/8] END estimator=RandomForestClassifier(), n_estimators=250;, score=0.928 total time=30.5min
[CV 3/10; 4/8] END estimator=RandomForestClassifier(), n_estimators=250;, score=0.929 total time=30.5min
[CV 1/10; 4/8] END estimator=RandomForestClassifier(), n_estimators=250;, score=0.929 total time=30.5min
[CV 8/10; 4/8] END estimator=RandomForestClassifier(), n_estimators=250;, score=0.932 total time=30.5min
[CV 4/10; 4/8] END estimator=RandomForestClassifier(), n_estimators=250;, score=0.940 total time=30.5min
[CV 6/10; 4/8] END estimator=RandomForestClassifier(), n_estimators=250;, score=0.929 total time=30.5min
0.9262 (+/-0.0155) for {'estimator': RandomForestClassifier(), 'n_estimators': 5}
0.9262 (+/-0.0139) for {'estimator': RandomForestClassifier(), 'n_estimators': 10}
0.9266 (+/-0.0139) for {'estimator': RandomForestClassifier(), 'n_estimators': 50}
0.9266 (+/-0.0143) for {'estimator': RandomForestClassifier(), 'n_estimators': 250}
0.9243 (+/-0.0236) for {'estimator': DecisionTreeClassifier(), 'n_estimators': 5}
0.9281 (+/-0.0173) for {'estimator': DecisionTreeClassifier(), 'n_estimators': 10}
0.9262 (+/-0.0202) for {'estimator': DecisionTreeClassifier(), 'n_estimators': 50}
0.927 (+/-0.0194) for {'estimator': DecisionTreeClassifier(), 'n_estimators': 250}
BEST PARAMS for Bagging + FOMSMOTE: {'estimator': DecisionTreeClassifier(), 'n_estimators': 10}

Train time for Bagging + FOMSMOTE: 30.554841327667237 min
