

Welcome to [92mRan[94mM[91mL

[0m
Your choices: 
Data:  False
Train:  [92mTrue[0m
SMOTE:  [92mTrue[0m
Class Weight:  False
NLP:  False [0m
Predict:  False
ROC:  False
CM:  False
BEST:  False
Models:  ['BAG']
Please wait while things initialize ...
2024-09-27 22:47:58.732641
PEEM Dataset stats - Category: Ransomware       7901
Utilities         405
Graphics          138
Office             50
Music / Video      49
Games              30
Internet           16
Development        10
Name: category, dtype: int64
PEEM Dataset stats - Label: 
1    7911
0     688
Name: label, dtype: int64
PEEM Dataset stats - Shape: (8599, 6)
Loading data ..
Dataset TRAIN PEEMSMOTE: 
1    4747
0    4746
Name: label, dtype: int64
Dataset VAL PEEMSMOTE: 
1    1582
0    1582
Name: label, dtype: int64
Dataset TEST PEEMSMOTE: 
0    1583
1    1582
Name: label, dtype: int64


Training Classifiers ...

Training Bagging for PEEMSMOTE...
Fitting 10 folds for each of 8 candidates, totalling 80 fits
[CV 1/10; 1/8] START estimator=RandomForestClassifier(), n_estimators=5.........
[CV 8/10; 1/8] START estimator=RandomForestClassifier(), n_estimators=5.........
[CV 2/10; 1/8] START estimator=RandomForestClassifier(), n_estimators=5.........
[CV 9/10; 1/8] START estimator=RandomForestClassifier(), n_estimators=5.........
[CV 3/10; 1/8] START estimator=RandomForestClassifier(), n_estimators=5.........
[CV 10/10; 1/8] START estimator=RandomForestClassifier(), n_estimators=5........
[CV 4/10; 1/8] START estimator=RandomForestClassifier(), n_estimators=5.........
[CV 1/10; 2/8] START estimator=RandomForestClassifier(), n_estimators=10........
[CV 2/10; 2/8] START estimator=RandomForestClassifier(), n_estimators=10........
[CV 3/10; 2/8] START estimator=RandomForestClassifier(), n_estimators=10........
[CV 4/10; 2/8] START estimator=RandomForestClassifier(), n_estimators=10........
[CV 5/10; 2/8] START estimator=RandomForestClassifier(), n_estimators=10........
[CV 6/10; 2/8] START estimator=RandomForestClassifier(), n_estimators=10........
[CV 7/10; 2/8] START estimator=RandomForestClassifier(), n_estimators=10........
[CV 5/10; 1/8] START estimator=RandomForestClassifier(), n_estimators=5.........
[CV 6/10; 1/8] START estimator=RandomForestClassifier(), n_estimators=5.........
[CV 8/10; 2/8] START estimator=RandomForestClassifier(), n_estimators=10........
[CV 7/10; 1/8] START estimator=RandomForestClassifier(), n_estimators=5.........
[CV 9/10; 2/8] START estimator=RandomForestClassifier(), n_estimators=10........
[CV 10/10; 2/8] START estimator=RandomForestClassifier(), n_estimators=10.......
[CV 1/10; 3/8] START estimator=RandomForestClassifier(), n_estimators=50........
[CV 2/10; 3/8] START estimator=RandomForestClassifier(), n_estimators=50........
[CV 3/10; 3/8] START estimator=RandomForestClassifier(), n_estimators=50........
[CV 4/10; 3/8] START estimator=RandomForestClassifier(), n_estimators=50........
[CV 5/10; 3/8] START estimator=RandomForestClassifier(), n_estimators=50........
[CV 6/10; 3/8] START estimator=RandomForestClassifier(), n_estimators=50........
[CV 7/10; 3/8] START estimator=RandomForestClassifier(), n_estimators=50........
[CV 8/10; 3/8] START estimator=RandomForestClassifier(), n_estimators=50........
[CV 9/10; 3/8] START estimator=RandomForestClassifier(), n_estimators=50........
[CV 10/10; 3/8] START estimator=RandomForestClassifier(), n_estimators=50.......
[CV 1/10; 4/8] START estimator=RandomForestClassifier(), n_estimators=250.......
[CV 2/10; 4/8] START estimator=RandomForestClassifier(), n_estimators=250.......
[CV 3/10; 4/8] START estimator=RandomForestClassifier(), n_estimators=250.......
[CV 4/10; 4/8] START estimator=RandomForestClassifier(), n_estimators=250.......
[CV 5/10; 4/8] START estimator=RandomForestClassifier(), n_estimators=250.......
[CV 6/10; 4/8] START estimator=RandomForestClassifier(), n_estimators=250.......
[CV 7/10; 4/8] START estimator=RandomForestClassifier(), n_estimators=250.......
[CV 8/10; 4/8] START estimator=RandomForestClassifier(), n_estimators=250.......
[CV 9/10; 4/8] START estimator=RandomForestClassifier(), n_estimators=250.......
[CV 10/10; 4/8] START estimator=RandomForestClassifier(), n_estimators=250......
[CV 1/10; 5/8] START estimator=DecisionTreeClassifier(), n_estimators=5.........
[CV 2/10; 5/8] START estimator=DecisionTreeClassifier(), n_estimators=5.........
[CV 3/10; 5/8] START estimator=DecisionTreeClassifier(), n_estimators=5.........
[CV 4/10; 5/8] START estimator=DecisionTreeClassifier(), n_estimators=5.........
[CV 5/10; 5/8] START estimator=DecisionTreeClassifier(), n_estimators=5.........
[CV 6/10; 5/8] START estimator=DecisionTreeClassifier(), n_estimators=5.........
[CV 7/10; 5/8] START estimator=DecisionTreeClassifier(), n_estimators=5.........
[CV 8/10; 5/8] START estimator=DecisionTreeClassifier(), n_estimators=5.........
[CV 9/10; 5/8] START estimator=DecisionTreeClassifier(), n_estimators=5.........
[CV 10/10; 5/8] START estimator=DecisionTreeClassifier(), n_estimators=5........
[CV 1/10; 6/8] START estimator=DecisionTreeClassifier(), n_estimators=10........
[CV 2/10; 6/8] START estimator=DecisionTreeClassifier(), n_estimators=10........
[CV 3/10; 6/8] START estimator=DecisionTreeClassifier(), n_estimators=10........
[CV 4/10; 6/8] START estimator=DecisionTreeClassifier(), n_estimators=10........
[CV 5/10; 6/8] START estimator=DecisionTreeClassifier(), n_estimators=10........
[CV 6/10; 6/8] START estimator=DecisionTreeClassifier(), n_estimators=10........
[CV 10/10; 5/8] END estimator=DecisionTreeClassifier(), n_estimators=5;, score=0.968 total time=   3.0s
[CV 7/10; 6/8] START estimator=DecisionTreeClassifier(), n_estimators=10........
[CV 8/10; 5/8] END estimator=DecisionTreeClassifier(), n_estimators=5;, score=0.969 total time=   3.3s
[CV 8/10; 6/8] START estimator=DecisionTreeClassifier(), n_estimators=10........
[CV 9/10; 5/8] END estimator=DecisionTreeClassifier(), n_estimators=5;, score=0.966 total time=   3.2s
[CV 9/10; 6/8] START estimator=DecisionTreeClassifier(), n_estimators=10........
[CV 5/10; 5/8] END estimator=DecisionTreeClassifier(), n_estimators=5;, score=0.979 total time=   3.6s
[CV 10/10; 6/8] START estimator=DecisionTreeClassifier(), n_estimators=10.......
[CV 6/10; 5/8] END estimator=DecisionTreeClassifier(), n_estimators=5;, score=0.978 total time=   3.6s
[CV 1/10; 7/8] START estimator=DecisionTreeClassifier(), n_estimators=50........
[CV 7/10; 5/8] END estimator=DecisionTreeClassifier(), n_estimators=5;, score=0.976 total time=   3.6s
[CV 2/10; 7/8] START estimator=DecisionTreeClassifier(), n_estimators=50........
[CV 2/10; 5/8] END estimator=DecisionTreeClassifier(), n_estimators=5;, score=0.969 total time=   4.8s
[CV 3/10; 7/8] START estimator=DecisionTreeClassifier(), n_estimators=50........
[CV 3/10; 5/8] END estimator=DecisionTreeClassifier(), n_estimators=5;, score=0.968 total time=   4.7s
[CV 4/10; 7/8] START estimator=DecisionTreeClassifier(), n_estimators=50........
[CV 1/10; 5/8] END estimator=DecisionTreeClassifier(), n_estimators=5;, score=0.972 total time=   5.4s
[CV 5/10; 7/8] START estimator=DecisionTreeClassifier(), n_estimators=50........
[CV 4/10; 5/8] END estimator=DecisionTreeClassifier(), n_estimators=5;, score=0.972 total time=   4.5s
[CV 6/10; 7/8] START estimator=DecisionTreeClassifier(), n_estimators=50........
[CV 5/10; 6/8] END estimator=DecisionTreeClassifier(), n_estimators=10;, score=0.978 total time=   4.2s
[CV 7/10; 7/8] START estimator=DecisionTreeClassifier(), n_estimators=50........
[CV 3/10; 6/8] END estimator=DecisionTreeClassifier(), n_estimators=10;, score=0.967 total time=   4.6s
[CV 8/10; 7/8] START estimator=DecisionTreeClassifier(), n_estimators=50........
[CV 2/10; 6/8] END estimator=DecisionTreeClassifier(), n_estimators=10;, score=0.967 total time=   4.9s
[CV 9/10; 7/8] START estimator=DecisionTreeClassifier(), n_estimators=50........
[CV 1/10; 6/8] END estimator=DecisionTreeClassifier(), n_estimators=10;, score=0.972 total time=   5.2s
[CV 10/10; 7/8] START estimator=DecisionTreeClassifier(), n_estimators=50.......

Welcome to [92mRan[94mM[91mL

[0m
Your choices: 
Data:  False
Train:  [92mTrue[0m
SMOTE:  [92mTrue[0m
Class Weight:  False
NLP:  False [0m
Predict:  False
ROC:  False
CM:  False
BEST:  False
Models:  ['BAG']
Please wait while things initialize ...
2024-09-28 17:17:05.446844
PEEM Dataset stats - Category: Ransomware       7901
Utilities         405
Graphics          138
Office             50
Music / Video      49
Games              30
Internet           16
Development        10
Name: category, dtype: int64
PEEM Dataset stats - Label: 
1    7911
0     688
Name: label, dtype: int64
PEEM Dataset stats - Shape: (8599, 6)
Loading data ..
Dataset TRAIN PEEMSMOTE: 
1    4747
0    4746
Name: label, dtype: int64
Dataset VAL PEEMSMOTE: 
1    1582
0    1582
Name: label, dtype: int64
Dataset TEST PEEMSMOTE: 
0    1583
1    1582
Name: label, dtype: int64


Training Classifiers ...

Training Bagging for PEEMSMOTE...
Fitting 10 folds for each of 8 candidates, totalling 80 fits
[CV 1/10; 1/8] START estimator=RandomForestClassifier(), n_estimators=5.........
[CV 7/10; 1/8] START estimator=RandomForestClassifier(), n_estimators=5.........
[CV 2/10; 1/8] START estimator=RandomForestClassifier(), n_estimators=5.........
[CV 8/10; 1/8] START estimator=RandomForestClassifier(), n_estimators=5.........
[CV 3/10; 1/8] START estimator=RandomForestClassifier(), n_estimators=5.........
[CV 9/10; 1/8] START estimator=RandomForestClassifier(), n_estimators=5.........
[CV 4/10; 1/8] START estimator=RandomForestClassifier(), n_estimators=5.........
[CV 10/10; 1/8] START estimator=RandomForestClassifier(), n_estimators=5........
[CV 5/10; 1/8] START estimator=RandomForestClassifier(), n_estimators=5.........
[CV 6/10; 1/8] START estimator=RandomForestClassifier(), n_estimators=5.........
[CV 1/10; 2/8] START estimator=RandomForestClassifier(), n_estimators=10........
[CV 2/10; 2/8] START estimator=RandomForestClassifier(), n_estimators=10........
[CV 3/10; 2/8] START estimator=RandomForestClassifier(), n_estimators=10........
[CV 4/10; 2/8] START estimator=RandomForestClassifier(), n_estimators=10........
[CV 5/10; 2/8] START estimator=RandomForestClassifier(), n_estimators=10........
[CV 6/10; 2/8] START estimator=RandomForestClassifier(), n_estimators=10........
[CV 7/10; 2/8] START estimator=RandomForestClassifier(), n_estimators=10........
[CV 8/10; 2/8] START estimator=RandomForestClassifier(), n_estimators=10........
[CV 9/10; 2/8] START estimator=RandomForestClassifier(), n_estimators=10........
[CV 10/10; 2/8] START estimator=RandomForestClassifier(), n_estimators=10.......
[CV 1/10; 3/8] START estimator=RandomForestClassifier(), n_estimators=50........
[CV 2/10; 3/8] START estimator=RandomForestClassifier(), n_estimators=50........
[CV 3/10; 3/8] START estimator=RandomForestClassifier(), n_estimators=50........
[CV 4/10; 3/8] START estimator=RandomForestClassifier(), n_estimators=50........
[CV 5/10; 3/8] START estimator=RandomForestClassifier(), n_estimators=50........
[CV 6/10; 3/8] START estimator=RandomForestClassifier(), n_estimators=50........
[CV 7/10; 3/8] START estimator=RandomForestClassifier(), n_estimators=50........
[CV 8/10; 3/8] START estimator=RandomForestClassifier(), n_estimators=50........
[CV 9/10; 3/8] START estimator=RandomForestClassifier(), n_estimators=50........
[CV 10/10; 3/8] START estimator=RandomForestClassifier(), n_estimators=50.......
[CV 1/10; 4/8] START estimator=RandomForestClassifier(), n_estimators=250.......
[CV 2/10; 4/8] START estimator=RandomForestClassifier(), n_estimators=250.......
[CV 3/10; 4/8] START estimator=RandomForestClassifier(), n_estimators=250.......
[CV 4/10; 4/8] START estimator=RandomForestClassifier(), n_estimators=250.......
[CV 5/10; 4/8] START estimator=RandomForestClassifier(), n_estimators=250.......
[CV 6/10; 4/8] START estimator=RandomForestClassifier(), n_estimators=250.......
[CV 7/10; 4/8] START estimator=RandomForestClassifier(), n_estimators=250.......
[CV 8/10; 4/8] START estimator=RandomForestClassifier(), n_estimators=250.......
[CV 9/10; 4/8] START estimator=RandomForestClassifier(), n_estimators=250.......
[CV 10/10; 4/8] START estimator=RandomForestClassifier(), n_estimators=250......
[CV 1/10; 5/8] START estimator=DecisionTreeClassifier(), n_estimators=5.........
[CV 2/10; 5/8] START estimator=DecisionTreeClassifier(), n_estimators=5.........
[CV 3/10; 5/8] START estimator=DecisionTreeClassifier(), n_estimators=5.........
[CV 4/10; 5/8] START estimator=DecisionTreeClassifier(), n_estimators=5.........
[CV 5/10; 5/8] START estimator=DecisionTreeClassifier(), n_estimators=5.........
[CV 6/10; 5/8] START estimator=DecisionTreeClassifier(), n_estimators=5.........
[CV 7/10; 5/8] START estimator=DecisionTreeClassifier(), n_estimators=5.........
[CV 8/10; 5/8] START estimator=DecisionTreeClassifier(), n_estimators=5.........
[CV 9/10; 5/8] START estimator=DecisionTreeClassifier(), n_estimators=5.........
[CV 10/10; 5/8] START estimator=DecisionTreeClassifier(), n_estimators=5........
[CV 1/10; 6/8] START estimator=DecisionTreeClassifier(), n_estimators=10........
[CV 2/10; 6/8] START estimator=DecisionTreeClassifier(), n_estimators=10........
[CV 3/10; 6/8] START estimator=DecisionTreeClassifier(), n_estimators=10........
[CV 4/10; 6/8] START estimator=DecisionTreeClassifier(), n_estimators=10........
[CV 5/10; 6/8] START estimator=DecisionTreeClassifier(), n_estimators=10........
[CV 6/10; 6/8] START estimator=DecisionTreeClassifier(), n_estimators=10........
[CV 8/10; 5/8] END estimator=DecisionTreeClassifier(), n_estimators=5;, score=0.969 total time=   4.2s
[CV 7/10; 6/8] START estimator=DecisionTreeClassifier(), n_estimators=10........
[CV 4/10; 5/8] END estimator=DecisionTreeClassifier(), n_estimators=5;, score=0.967 total time=   4.9s
[CV 8/10; 6/8] START estimator=DecisionTreeClassifier(), n_estimators=10........
[CV 2/10; 5/8] END estimator=DecisionTreeClassifier(), n_estimators=5;, score=0.965 total time=   5.3s
[CV 9/10; 6/8] START estimator=DecisionTreeClassifier(), n_estimators=10........
[CV 1/10; 5/8] END estimator=DecisionTreeClassifier(), n_estimators=5;, score=0.974 total time=   5.4s
[CV 10/10; 6/8] START estimator=DecisionTreeClassifier(), n_estimators=10.......
[CV 10/10; 5/8] END estimator=DecisionTreeClassifier(), n_estimators=5;, score=0.964 total time=   4.0s
[CV 1/10; 7/8] START estimator=DecisionTreeClassifier(), n_estimators=50........
[CV 5/10; 5/8] END estimator=DecisionTreeClassifier(), n_estimators=5;, score=0.981 total time=   5.1s
[CV 2/10; 7/8] START estimator=DecisionTreeClassifier(), n_estimators=50........
[CV 9/10; 5/8] END estimator=DecisionTreeClassifier(), n_estimators=5;, score=0.964 total time=   4.3s
[CV 3/10; 7/8] START estimator=DecisionTreeClassifier(), n_estimators=50........
[CV 3/10; 5/8] END estimator=DecisionTreeClassifier(), n_estimators=5;, score=0.971 total time=   5.3s
[CV 4/10; 7/8] START estimator=DecisionTreeClassifier(), n_estimators=50........
[CV 6/10; 5/8] END estimator=DecisionTreeClassifier(), n_estimators=5;, score=0.979 total time=   5.1s
[CV 5/10; 7/8] START estimator=DecisionTreeClassifier(), n_estimators=50........
[CV 7/10; 5/8] END estimator=DecisionTreeClassifier(), n_estimators=5;, score=0.973 total time=   5.1s
[CV 6/10; 7/8] START estimator=DecisionTreeClassifier(), n_estimators=50........
[CV 6/10; 6/8] END estimator=DecisionTreeClassifier(), n_estimators=10;, score=0.974 total time=   4.9s
[CV 7/10; 7/8] START estimator=DecisionTreeClassifier(), n_estimators=50........
[CV 5/10; 6/8] END estimator=DecisionTreeClassifier(), n_estimators=10;, score=0.976 total time=   5.2s
[CV 8/10; 7/8] START estimator=DecisionTreeClassifier(), n_estimators=50........
[CV 4/10; 6/8] END estimator=DecisionTreeClassifier(), n_estimators=10;, score=0.969 total time=   5.4s
[CV 9/10; 7/8] START estimator=DecisionTreeClassifier(), n_estimators=50........
[CV 2/10; 6/8] END estimator=DecisionTreeClassifier(), n_estimators=10;, score=0.969 total time=   5.9s
[CV 10/10; 7/8] START estimator=DecisionTreeClassifier(), n_estimators=50.......
[CV 1/10; 6/8] END estimator=DecisionTreeClassifier(), n_estimators=10;, score=0.975 total time=   6.3s
[CV 1/10; 8/8] START estimator=DecisionTreeClassifier(), n_estimators=250.......
[CV 3/10; 6/8] END estimator=DecisionTreeClassifier(), n_estimators=10;, score=0.968 total time=   5.9s
[CV 2/10; 8/8] START estimator=DecisionTreeClassifier(), n_estimators=250.......
[CV 9/10; 6/8] END estimator=DecisionTreeClassifier(), n_estimators=10;, score=0.966 total time=   3.8s
[CV 3/10; 8/8] START estimator=DecisionTreeClassifier(), n_estimators=250.......
[CV 10/10; 6/8] END estimator=DecisionTreeClassifier(), n_estimators=10;, score=0.969 total time=   3.8s
[CV 4/10; 8/8] START estimator=DecisionTreeClassifier(), n_estimators=250.......
[CV 8/10; 6/8] END estimator=DecisionTreeClassifier(), n_estimators=10;, score=0.967 total time=   3.9s
[CV 5/10; 8/8] START estimator=DecisionTreeClassifier(), n_estimators=250.......
[CV 7/10; 6/8] END estimator=DecisionTreeClassifier(), n_estimators=10;, score=0.977 total time=   4.2s
[CV 6/10; 8/8] START estimator=DecisionTreeClassifier(), n_estimators=250.......
[CV 5/10; 7/8] END estimator=DecisionTreeClassifier(), n_estimators=50;, score=0.978 total time=  17.8s
[CV 7/10; 8/8] START estimator=DecisionTreeClassifier(), n_estimators=250.......
[CV 6/10; 7/8] END estimator=DecisionTreeClassifier(), n_estimators=50;, score=0.981 total time=  17.7s
[CV 8/10; 8/8] START estimator=DecisionTreeClassifier(), n_estimators=250.......
[CV 3/10; 7/8] END estimator=DecisionTreeClassifier(), n_estimators=50;, score=0.968 total time=  18.5s
[CV 9/10; 8/8] START estimator=DecisionTreeClassifier(), n_estimators=250.......
[CV 4/10; 7/8] END estimator=DecisionTreeClassifier(), n_estimators=50;, score=0.973 total time=  18.7s
[CV 10/10; 8/8] START estimator=DecisionTreeClassifier(), n_estimators=250......
[CV 2/10; 7/8] END estimator=DecisionTreeClassifier(), n_estimators=50;, score=0.971 total time=  18.8s
[CV 1/10; 7/8] END estimator=DecisionTreeClassifier(), n_estimators=50;, score=0.974 total time=  19.0s
[CV 10/10; 7/8] END estimator=DecisionTreeClassifier(), n_estimators=50;, score=0.969 total time=  18.1s
[CV 7/10; 7/8] END estimator=DecisionTreeClassifier(), n_estimators=50;, score=0.977 total time=  18.7s
[CV 9/10; 7/8] END estimator=DecisionTreeClassifier(), n_estimators=50;, score=0.965 total time=  19.1s
[CV 8/10; 7/8] END estimator=DecisionTreeClassifier(), n_estimators=50;, score=0.969 total time=  20.0s
[CV 2/10; 8/8] END estimator=DecisionTreeClassifier(), n_estimators=250;, score=0.971 total time= 1.5min
[CV 1/10; 8/8] END estimator=DecisionTreeClassifier(), n_estimators=250;, score=0.972 total time= 1.5min
[CV 3/10; 8/8] END estimator=DecisionTreeClassifier(), n_estimators=250;, score=0.968 total time= 1.5min
[CV 5/10; 8/8] END estimator=DecisionTreeClassifier(), n_estimators=250;, score=0.979 total time= 1.5min
[CV 6/10; 8/8] END estimator=DecisionTreeClassifier(), n_estimators=250;, score=0.979 total time= 1.6min
[CV 4/10; 8/8] END estimator=DecisionTreeClassifier(), n_estimators=250;, score=0.974 total time= 1.6min
[CV 7/10; 8/8] END estimator=DecisionTreeClassifier(), n_estimators=250;, score=0.977 total time= 1.5min
[CV 9/10; 8/8] END estimator=DecisionTreeClassifier(), n_estimators=250;, score=0.965 total time= 1.5min
[CV 10/10; 8/8] END estimator=DecisionTreeClassifier(), n_estimators=250;, score=0.970 total time= 1.5min
[CV 8/10; 8/8] END estimator=DecisionTreeClassifier(), n_estimators=250;, score=0.969 total time= 1.5min
[CV 7/10; 1/8] END estimator=RandomForestClassifier(), n_estimators=5;, score=0.977 total time= 2.7min
[CV 4/10; 1/8] END estimator=RandomForestClassifier(), n_estimators=5;, score=0.976 total time= 2.7min
[CV 1/10; 1/8] END estimator=RandomForestClassifier(), n_estimators=5;, score=0.974 total time= 2.7min
[CV 10/10; 1/8] END estimator=RandomForestClassifier(), n_estimators=5;, score=0.969 total time= 2.7min
[CV 3/10; 1/8] END estimator=RandomForestClassifier(), n_estimators=5;, score=0.973 total time= 2.7min
[CV 6/10; 1/8] END estimator=RandomForestClassifier(), n_estimators=5;, score=0.981 total time= 2.7min
[CV 9/10; 1/8] END estimator=RandomForestClassifier(), n_estimators=5;, score=0.966 total time= 2.7min
[CV 2/10; 1/8] END estimator=RandomForestClassifier(), n_estimators=5;, score=0.969 total time= 2.7min
[CV 5/10; 1/8] END estimator=RandomForestClassifier(), n_estimators=5;, score=0.987 total time= 2.7min
[CV 8/10; 1/8] END estimator=RandomForestClassifier(), n_estimators=5;, score=0.974 total time= 2.7min
[CV 6/10; 2/8] END estimator=RandomForestClassifier(), n_estimators=10;, score=0.979 total time= 4.4min
[CV 9/10; 2/8] END estimator=RandomForestClassifier(), n_estimators=10;, score=0.966 total time= 4.4min
[CV 2/10; 2/8] END estimator=RandomForestClassifier(), n_estimators=10;, score=0.969 total time= 4.4min
[CV 10/10; 2/8] END estimator=RandomForestClassifier(), n_estimators=10;, score=0.968 total time= 4.4min
[CV 4/10; 2/8] END estimator=RandomForestClassifier(), n_estimators=10;, score=0.983 total time= 4.4min
[CV 7/10; 2/8] END estimator=RandomForestClassifier(), n_estimators=10;, score=0.978 total time= 4.4min
[CV 3/10; 2/8] END estimator=RandomForestClassifier(), n_estimators=10;, score=0.969 total time= 4.4min
[CV 1/10; 2/8] END estimator=RandomForestClassifier(), n_estimators=10;, score=0.975 total time= 4.4min
[CV 8/10; 2/8] END estimator=RandomForestClassifier(), n_estimators=10;, score=0.975 total time= 4.4min
[CV 5/10; 2/8] END estimator=RandomForestClassifier(), n_estimators=10;, score=0.985 total time= 4.4min
[CV 4/10; 3/8] END estimator=RandomForestClassifier(), n_estimators=50;, score=0.981 total time=12.8min
[CV 9/10; 3/8] END estimator=RandomForestClassifier(), n_estimators=50;, score=0.967 total time=12.8min
[CV 1/10; 3/8] END estimator=RandomForestClassifier(), n_estimators=50;, score=0.974 total time=12.9min
[CV 7/10; 3/8] END estimator=RandomForestClassifier(), n_estimators=50;, score=0.981 total time=12.9min
[CV 5/10; 3/8] END estimator=RandomForestClassifier(), n_estimators=50;, score=0.991 total time=12.9min
[CV 2/10; 3/8] END estimator=RandomForestClassifier(), n_estimators=50;, score=0.967 total time=12.9min
[CV 8/10; 3/8] END estimator=RandomForestClassifier(), n_estimators=50;, score=0.976 total time=13.0min
[CV 3/10; 3/8] END estimator=RandomForestClassifier(), n_estimators=50;, score=0.973 total time=13.0min
[CV 6/10; 3/8] END estimator=RandomForestClassifier(), n_estimators=50;, score=0.979 total time=13.0min
[CV 10/10; 3/8] END estimator=RandomForestClassifier(), n_estimators=50;, score=0.970 total time=13.0min
[CV 9/10; 4/8] END estimator=RandomForestClassifier(), n_estimators=250;, score=0.963 total time=30.9min
[CV 6/10; 4/8] END estimator=RandomForestClassifier(), n_estimators=250;, score=0.981 total time=31.0min
[CV 1/10; 4/8] END estimator=RandomForestClassifier(), n_estimators=250;, score=0.975 total time=31.0min
[CV 7/10; 4/8] END estimator=RandomForestClassifier(), n_estimators=250;, score=0.981 total time=31.0min
[CV 5/10; 4/8] END estimator=RandomForestClassifier(), n_estimators=250;, score=0.989 total time=31.0min
[CV 10/10; 4/8] END estimator=RandomForestClassifier(), n_estimators=250;, score=0.969 total time=31.0min
[CV 2/10; 4/8] END estimator=RandomForestClassifier(), n_estimators=250;, score=0.967 total time=31.0min
[CV 3/10; 4/8] END estimator=RandomForestClassifier(), n_estimators=250;, score=0.973 total time=31.0min
[CV 4/10; 4/8] END estimator=RandomForestClassifier(), n_estimators=250;, score=0.980 total time=31.0min
[CV 8/10; 4/8] END estimator=RandomForestClassifier(), n_estimators=250;, score=0.974 total time=31.0min
0.9746 (+/-0.0116) for {'estimator': RandomForestClassifier(), 'n_estimators': 5}
0.9748 (+/-0.0123) for {'estimator': RandomForestClassifier(), 'n_estimators': 10}
0.9759 (+/-0.0137) for {'estimator': RandomForestClassifier(), 'n_estimators': 50}
0.9752 (+/-0.0148) for {'estimator': RandomForestClassifier(), 'n_estimators': 250}
0.9707 (+/-0.0112) for {'estimator': DecisionTreeClassifier(), 'n_estimators': 5}
0.9711 (+/-0.0071) for {'estimator': DecisionTreeClassifier(), 'n_estimators': 10}
0.9725 (+/-0.0092) for {'estimator': DecisionTreeClassifier(), 'n_estimators': 50}
0.9724 (+/-0.0087) for {'estimator': DecisionTreeClassifier(), 'n_estimators': 250}
BEST PARAMS for Bagging + PEEMSMOTE: {'estimator': RandomForestClassifier(), 'n_estimators': 50}

Train time for Bagging + PEEMSMOTE: 31.65010324319204 min
