

Welcome to [92mRan[94mM[91mL

[0m
Your choices: 
Data:  False
Train:  [92mTrue[0m
SMOTE:  [92mTrue[0m
Class Weight:  False
NLP:  False [0m
Predict:  False
ROC:  False
CM:  False
BEST:  False
Models:  ['BAG']
Please wait while things initialize ...
2024-09-27 22:49:47.401127
Loading data ..
Dataset TRAIN PEIMSMOTE: 
0    1016
1    1016
Name: label, dtype: int64
Dataset VAL PEIMSMOTE: 
0    339
1    339
Name: label, dtype: int64
Dataset TEST PEIMSMOTE: 
0    339
1    339
Name: label, dtype: int64


Training Classifiers ...

Training Bagging for PEIMSMOTE...
Fitting 10 folds for each of 8 candidates, totalling 80 fits
[CV 1/10; 1/8] START estimator=RandomForestClassifier(), n_estimators=5.........
[CV 7/10; 1/8] START estimator=RandomForestClassifier(), n_estimators=5.........
[CV 2/10; 1/8] START estimator=RandomForestClassifier(), n_estimators=5.........
[CV 8/10; 1/8] START estimator=RandomForestClassifier(), n_estimators=5.........
[CV 3/10; 1/8] START estimator=RandomForestClassifier(), n_estimators=5.........
[CV 9/10; 1/8] START estimator=RandomForestClassifier(), n_estimators=5.........
[CV 10/10; 1/8] START estimator=RandomForestClassifier(), n_estimators=5........
[CV 4/10; 1/8] START estimator=RandomForestClassifier(), n_estimators=5.........
[CV 5/10; 1/8] START estimator=RandomForestClassifier(), n_estimators=5.........
[CV 6/10; 1/8] START estimator=RandomForestClassifier(), n_estimators=5.........
[CV 1/10; 2/8] START estimator=RandomForestClassifier(), n_estimators=10........
[CV 2/10; 2/8] START estimator=RandomForestClassifier(), n_estimators=10........
[CV 3/10; 2/8] START estimator=RandomForestClassifier(), n_estimators=10........
[CV 4/10; 2/8] START estimator=RandomForestClassifier(), n_estimators=10........
[CV 5/10; 2/8] START estimator=RandomForestClassifier(), n_estimators=10........
[CV 6/10; 2/8] START estimator=RandomForestClassifier(), n_estimators=10........
[CV 7/10; 2/8] START estimator=RandomForestClassifier(), n_estimators=10........
[CV 8/10; 2/8] START estimator=RandomForestClassifier(), n_estimators=10........
[CV 9/10; 2/8] START estimator=RandomForestClassifier(), n_estimators=10........
[CV 10/10; 2/8] START estimator=RandomForestClassifier(), n_estimators=10.......
[CV 1/10; 3/8] START estimator=RandomForestClassifier(), n_estimators=50........
[CV 2/10; 3/8] START estimator=RandomForestClassifier(), n_estimators=50........
[CV 3/10; 3/8] START estimator=RandomForestClassifier(), n_estimators=50........
[CV 4/10; 3/8] START estimator=RandomForestClassifier(), n_estimators=50........
[CV 5/10; 3/8] START estimator=RandomForestClassifier(), n_estimators=50........
[CV 6/10; 3/8] START estimator=RandomForestClassifier(), n_estimators=50........
[CV 7/10; 3/8] START estimator=RandomForestClassifier(), n_estimators=50........
[CV 8/10; 3/8] START estimator=RandomForestClassifier(), n_estimators=50........
[CV 9/10; 3/8] START estimator=RandomForestClassifier(), n_estimators=50........
[CV 10/10; 3/8] START estimator=RandomForestClassifier(), n_estimators=50.......
[CV 1/10; 4/8] START estimator=RandomForestClassifier(), n_estimators=250.......
[CV 2/10; 4/8] START estimator=RandomForestClassifier(), n_estimators=250.......
[CV 3/10; 4/8] START estimator=RandomForestClassifier(), n_estimators=250.......
[CV 4/10; 4/8] START estimator=RandomForestClassifier(), n_estimators=250.......
[CV 5/10; 4/8] START estimator=RandomForestClassifier(), n_estimators=250.......
[CV 6/10; 4/8] START estimator=RandomForestClassifier(), n_estimators=250.......
[CV 7/10; 4/8] START estimator=RandomForestClassifier(), n_estimators=250.......
[CV 8/10; 4/8] START estimator=RandomForestClassifier(), n_estimators=250.......
[CV 9/10; 4/8] START estimator=RandomForestClassifier(), n_estimators=250.......
[CV 10/10; 4/8] START estimator=RandomForestClassifier(), n_estimators=250......
[CV 1/10; 5/8] START estimator=DecisionTreeClassifier(), n_estimators=5.........
[CV 2/10; 5/8] START estimator=DecisionTreeClassifier(), n_estimators=5.........
[CV 3/10; 5/8] START estimator=DecisionTreeClassifier(), n_estimators=5.........
[CV 4/10; 5/8] START estimator=DecisionTreeClassifier(), n_estimators=5.........
[CV 5/10; 5/8] START estimator=DecisionTreeClassifier(), n_estimators=5.........
[CV 6/10; 5/8] START estimator=DecisionTreeClassifier(), n_estimators=5.........
[CV 7/10; 5/8] START estimator=DecisionTreeClassifier(), n_estimators=5.........
[CV 8/10; 5/8] START estimator=DecisionTreeClassifier(), n_estimators=5.........
[CV 9/10; 5/8] START estimator=DecisionTreeClassifier(), n_estimators=5.........
[CV 10/10; 5/8] START estimator=DecisionTreeClassifier(), n_estimators=5........
[CV 1/10; 6/8] START estimator=DecisionTreeClassifier(), n_estimators=10........
[CV 2/10; 6/8] START estimator=DecisionTreeClassifier(), n_estimators=10........
[CV 3/10; 6/8] START estimator=DecisionTreeClassifier(), n_estimators=10........
[CV 4/10; 6/8] START estimator=DecisionTreeClassifier(), n_estimators=10........
[CV 5/10; 6/8] START estimator=DecisionTreeClassifier(), n_estimators=10........
[CV 6/10; 6/8] START estimator=DecisionTreeClassifier(), n_estimators=10........
[CV 1/10; 5/8] END estimator=DecisionTreeClassifier(), n_estimators=5;, score=1.000 total time=   3.0s
[CV 7/10; 6/8] START estimator=DecisionTreeClassifier(), n_estimators=10........
[CV 4/10; 5/8] END estimator=DecisionTreeClassifier(), n_estimators=5;, score=0.990 total time=   3.1s
[CV 8/10; 6/8] START estimator=DecisionTreeClassifier(), n_estimators=10........
[CV 2/10; 5/8] END estimator=DecisionTreeClassifier(), n_estimators=5;, score=0.990 total time=   3.1s
[CV 9/10; 6/8] START estimator=DecisionTreeClassifier(), n_estimators=10........
[CV 5/10; 5/8] END estimator=DecisionTreeClassifier(), n_estimators=5;, score=1.000 total time=   3.0s
[CV 10/10; 6/8] START estimator=DecisionTreeClassifier(), n_estimators=10.......
[CV 7/10; 5/8] END estimator=DecisionTreeClassifier(), n_estimators=5;, score=0.995 total time=   2.8s
[CV 1/10; 7/8] START estimator=DecisionTreeClassifier(), n_estimators=50........
[CV 9/10; 5/8] END estimator=DecisionTreeClassifier(), n_estimators=5;, score=0.990 total time=   2.7s
[CV 2/10; 7/8] START estimator=DecisionTreeClassifier(), n_estimators=50........
[CV 8/10; 5/8] END estimator=DecisionTreeClassifier(), n_estimators=5;, score=0.990 total time=   2.8s
[CV 3/10; 7/8] START estimator=DecisionTreeClassifier(), n_estimators=50........
[CV 10/10; 5/8] END estimator=DecisionTreeClassifier(), n_estimators=5;, score=0.995 total time=   2.6s
[CV 4/10; 7/8] START estimator=DecisionTreeClassifier(), n_estimators=50........
[CV 6/10; 5/8] END estimator=DecisionTreeClassifier(), n_estimators=5;, score=0.990 total time=   3.2s
[CV 5/10; 7/8] START estimator=DecisionTreeClassifier(), n_estimators=50........
[CV 3/10; 5/8] END estimator=DecisionTreeClassifier(), n_estimators=5;, score=1.000 total time=   3.5s
[CV 6/10; 7/8] START estimator=DecisionTreeClassifier(), n_estimators=50........
[CV 3/10; 6/8] END estimator=DecisionTreeClassifier(), n_estimators=10;, score=1.000 total time=   3.6s
[CV 7/10; 7/8] START estimator=DecisionTreeClassifier(), n_estimators=50........
[CV 5/10; 6/8] END estimator=DecisionTreeClassifier(), n_estimators=10;, score=0.995 total time=   3.6s
[CV 8/10; 7/8] START estimator=DecisionTreeClassifier(), n_estimators=50........
[CV 1/10; 6/8] END estimator=DecisionTreeClassifier(), n_estimators=10;, score=1.000 total time=   4.1s
[CV 9/10; 7/8] START estimator=DecisionTreeClassifier(), n_estimators=50........
[CV 2/10; 6/8] END estimator=DecisionTreeClassifier(), n_estimators=10;, score=0.990 total time=   3.9s
[CV 10/10; 7/8] START estimator=DecisionTreeClassifier(), n_estimators=50.......
[CV 4/10; 6/8] END estimator=DecisionTreeClassifier(), n_estimators=10;, score=0.995 total time=   4.0s
[CV 1/10; 8/8] START estimator=DecisionTreeClassifier(), n_estimators=250.......
[CV 6/10; 6/8] END estimator=DecisionTreeClassifier(), n_estimators=10;, score=0.990 total time=   3.9s
[CV 2/10; 8/8] START estimator=DecisionTreeClassifier(), n_estimators=250.......

Welcome to [92mRan[94mM[91mL

[0m
Your choices: 
Data:  False
Train:  [92mTrue[0m
SMOTE:  [92mTrue[0m
Class Weight:  False
NLP:  False [0m
Predict:  False
ROC:  False
CM:  False
BEST:  False
Models:  ['BAG']
Please wait while things initialize ...
2024-09-28 17:49:36.125662
Loading data ..
Dataset TRAIN PEIMSMOTE: 
0    1016
1    1016
Name: label, dtype: int64
Dataset VAL PEIMSMOTE: 
0    339
1    339
Name: label, dtype: int64
Dataset TEST PEIMSMOTE: 
0    339
1    339
Name: label, dtype: int64


Training Classifiers ...

Training Bagging for PEIMSMOTE...
Fitting 10 folds for each of 8 candidates, totalling 80 fits
[CV 1/10; 1/8] START estimator=RandomForestClassifier(), n_estimators=5.........
[CV 6/10; 1/8] START estimator=RandomForestClassifier(), n_estimators=5.........
[CV 2/10; 1/8] START estimator=RandomForestClassifier(), n_estimators=5.........
[CV 7/10; 1/8] START estimator=RandomForestClassifier(), n_estimators=5.........
[CV 3/10; 1/8] START estimator=RandomForestClassifier(), n_estimators=5.........
[CV 8/10; 1/8] START estimator=RandomForestClassifier(), n_estimators=5.........
[CV 9/10; 1/8] START estimator=RandomForestClassifier(), n_estimators=5.........
[CV 4/10; 1/8] START estimator=RandomForestClassifier(), n_estimators=5.........
[CV 10/10; 1/8] START estimator=RandomForestClassifier(), n_estimators=5........
[CV 5/10; 1/8] START estimator=RandomForestClassifier(), n_estimators=5.........
[CV 1/10; 2/8] START estimator=RandomForestClassifier(), n_estimators=10........
[CV 2/10; 2/8] START estimator=RandomForestClassifier(), n_estimators=10........
[CV 3/10; 2/8] START estimator=RandomForestClassifier(), n_estimators=10........
[CV 4/10; 2/8] START estimator=RandomForestClassifier(), n_estimators=10........
[CV 5/10; 2/8] START estimator=RandomForestClassifier(), n_estimators=10........
[CV 6/10; 2/8] START estimator=RandomForestClassifier(), n_estimators=10........
[CV 7/10; 2/8] START estimator=RandomForestClassifier(), n_estimators=10........
[CV 8/10; 2/8] START estimator=RandomForestClassifier(), n_estimators=10........
[CV 9/10; 2/8] START estimator=RandomForestClassifier(), n_estimators=10........
[CV 10/10; 2/8] START estimator=RandomForestClassifier(), n_estimators=10.......
[CV 1/10; 3/8] START estimator=RandomForestClassifier(), n_estimators=50........
[CV 2/10; 3/8] START estimator=RandomForestClassifier(), n_estimators=50........
[CV 3/10; 3/8] START estimator=RandomForestClassifier(), n_estimators=50........
[CV 4/10; 3/8] START estimator=RandomForestClassifier(), n_estimators=50........
[CV 5/10; 3/8] START estimator=RandomForestClassifier(), n_estimators=50........
[CV 6/10; 3/8] START estimator=RandomForestClassifier(), n_estimators=50........
[CV 7/10; 3/8] START estimator=RandomForestClassifier(), n_estimators=50........
[CV 8/10; 3/8] START estimator=RandomForestClassifier(), n_estimators=50........
[CV 9/10; 3/8] START estimator=RandomForestClassifier(), n_estimators=50........
[CV 10/10; 3/8] START estimator=RandomForestClassifier(), n_estimators=50.......
[CV 1/10; 4/8] START estimator=RandomForestClassifier(), n_estimators=250.......
[CV 2/10; 4/8] START estimator=RandomForestClassifier(), n_estimators=250.......
[CV 3/10; 4/8] START estimator=RandomForestClassifier(), n_estimators=250.......
[CV 4/10; 4/8] START estimator=RandomForestClassifier(), n_estimators=250.......
[CV 5/10; 4/8] START estimator=RandomForestClassifier(), n_estimators=250.......
[CV 6/10; 4/8] START estimator=RandomForestClassifier(), n_estimators=250.......
[CV 7/10; 4/8] START estimator=RandomForestClassifier(), n_estimators=250.......
[CV 8/10; 4/8] START estimator=RandomForestClassifier(), n_estimators=250.......
[CV 9/10; 4/8] START estimator=RandomForestClassifier(), n_estimators=250.......
[CV 10/10; 4/8] START estimator=RandomForestClassifier(), n_estimators=250......
[CV 1/10; 5/8] START estimator=DecisionTreeClassifier(), n_estimators=5.........
[CV 2/10; 5/8] START estimator=DecisionTreeClassifier(), n_estimators=5.........
[CV 3/10; 5/8] START estimator=DecisionTreeClassifier(), n_estimators=5.........
[CV 4/10; 5/8] START estimator=DecisionTreeClassifier(), n_estimators=5.........
[CV 5/10; 5/8] START estimator=DecisionTreeClassifier(), n_estimators=5.........
[CV 6/10; 5/8] START estimator=DecisionTreeClassifier(), n_estimators=5.........
[CV 7/10; 5/8] START estimator=DecisionTreeClassifier(), n_estimators=5.........
[CV 8/10; 5/8] START estimator=DecisionTreeClassifier(), n_estimators=5.........
[CV 9/10; 5/8] START estimator=DecisionTreeClassifier(), n_estimators=5.........
[CV 10/10; 5/8] START estimator=DecisionTreeClassifier(), n_estimators=5........
[CV 1/10; 6/8] START estimator=DecisionTreeClassifier(), n_estimators=10........
[CV 2/10; 6/8] START estimator=DecisionTreeClassifier(), n_estimators=10........
[CV 3/10; 6/8] START estimator=DecisionTreeClassifier(), n_estimators=10........
[CV 4/10; 6/8] START estimator=DecisionTreeClassifier(), n_estimators=10........
[CV 5/10; 6/8] START estimator=DecisionTreeClassifier(), n_estimators=10........
[CV 6/10; 6/8] START estimator=DecisionTreeClassifier(), n_estimators=10........
[CV 2/10; 5/8] END estimator=DecisionTreeClassifier(), n_estimators=5;, score=0.990 total time=   2.9s
[CV 7/10; 6/8] START estimator=DecisionTreeClassifier(), n_estimators=10........
[CV 8/10; 5/8] END estimator=DecisionTreeClassifier(), n_estimators=5;, score=0.990 total time=   2.6s
[CV 8/10; 6/8] START estimator=DecisionTreeClassifier(), n_estimators=10........
[CV 9/10; 5/8] END estimator=DecisionTreeClassifier(), n_estimators=5;, score=0.990 total time=   2.5s
[CV 9/10; 6/8] START estimator=DecisionTreeClassifier(), n_estimators=10........
[CV 6/10; 5/8] END estimator=DecisionTreeClassifier(), n_estimators=5;, score=0.990 total time=   2.9s
[CV 10/10; 6/8] START estimator=DecisionTreeClassifier(), n_estimators=10.......
[CV 10/10; 5/8] END estimator=DecisionTreeClassifier(), n_estimators=5;, score=0.995 total time=   2.5s
[CV 1/10; 7/8] START estimator=DecisionTreeClassifier(), n_estimators=50........
[CV 1/10; 5/8] END estimator=DecisionTreeClassifier(), n_estimators=5;, score=1.000 total time=   3.5s
[CV 2/10; 7/8] START estimator=DecisionTreeClassifier(), n_estimators=50........
[CV 7/10; 5/8] END estimator=DecisionTreeClassifier(), n_estimators=5;, score=0.995 total time=   2.8s
[CV 3/10; 7/8] START estimator=DecisionTreeClassifier(), n_estimators=50........
[CV 3/10; 5/8] END estimator=DecisionTreeClassifier(), n_estimators=5;, score=0.985 total time=   3.4s
[CV 4/10; 7/8] START estimator=DecisionTreeClassifier(), n_estimators=50........
[CV 5/10; 5/8] END estimator=DecisionTreeClassifier(), n_estimators=5;, score=1.000 total time=   3.3s
[CV 5/10; 7/8] START estimator=DecisionTreeClassifier(), n_estimators=50........
[CV 4/10; 5/8] END estimator=DecisionTreeClassifier(), n_estimators=5;, score=0.995 total time=   3.6s
[CV 6/10; 7/8] START estimator=DecisionTreeClassifier(), n_estimators=50........
[CV 3/10; 6/8] END estimator=DecisionTreeClassifier(), n_estimators=10;, score=1.000 total time=   3.4s
[CV 7/10; 7/8] START estimator=DecisionTreeClassifier(), n_estimators=50........
[CV 6/10; 6/8] END estimator=DecisionTreeClassifier(), n_estimators=10;, score=0.985 total time=   3.3s
[CV 8/10; 7/8] START estimator=DecisionTreeClassifier(), n_estimators=50........
[CV 2/10; 6/8] END estimator=DecisionTreeClassifier(), n_estimators=10;, score=0.990 total time=   4.1s
[CV 9/10; 7/8] START estimator=DecisionTreeClassifier(), n_estimators=50........
[CV 4/10; 6/8] END estimator=DecisionTreeClassifier(), n_estimators=10;, score=1.000 total time=   4.0s
[CV 10/10; 7/8] START estimator=DecisionTreeClassifier(), n_estimators=50.......
[CV 5/10; 6/8] END estimator=DecisionTreeClassifier(), n_estimators=10;, score=0.995 total time=   4.1s
[CV 1/10; 8/8] START estimator=DecisionTreeClassifier(), n_estimators=250.......
[CV 1/10; 6/8] END estimator=DecisionTreeClassifier(), n_estimators=10;, score=1.000 total time=   4.8s
[CV 2/10; 8/8] START estimator=DecisionTreeClassifier(), n_estimators=250.......
[CV 7/10; 6/8] END estimator=DecisionTreeClassifier(), n_estimators=10;, score=0.995 total time=   3.1s
[CV 3/10; 8/8] START estimator=DecisionTreeClassifier(), n_estimators=250.......
[CV 9/10; 6/8] END estimator=DecisionTreeClassifier(), n_estimators=10;, score=0.990 total time=   3.0s
[CV 4/10; 8/8] START estimator=DecisionTreeClassifier(), n_estimators=250.......
[CV 8/10; 6/8] END estimator=DecisionTreeClassifier(), n_estimators=10;, score=0.990 total time=   3.2s
[CV 5/10; 8/8] START estimator=DecisionTreeClassifier(), n_estimators=250.......
[CV 10/10; 6/8] END estimator=DecisionTreeClassifier(), n_estimators=10;, score=0.995 total time=   3.5s
[CV 6/10; 8/8] START estimator=DecisionTreeClassifier(), n_estimators=250.......
[CV 5/10; 7/8] END estimator=DecisionTreeClassifier(), n_estimators=50;, score=1.000 total time=  13.7s
[CV 7/10; 8/8] START estimator=DecisionTreeClassifier(), n_estimators=250.......
[CV 1/10; 7/8] END estimator=DecisionTreeClassifier(), n_estimators=50;, score=1.000 total time=  14.2s
[CV 8/10; 8/8] START estimator=DecisionTreeClassifier(), n_estimators=250.......
[CV 4/10; 7/8] END estimator=DecisionTreeClassifier(), n_estimators=50;, score=0.995 total time=  14.4s
[CV 9/10; 8/8] START estimator=DecisionTreeClassifier(), n_estimators=250.......
[CV 3/10; 7/8] END estimator=DecisionTreeClassifier(), n_estimators=50;, score=1.000 total time=  14.7s
[CV 10/10; 8/8] START estimator=DecisionTreeClassifier(), n_estimators=250......
[CV 2/10; 7/8] END estimator=DecisionTreeClassifier(), n_estimators=50;, score=0.990 total time=  14.8s
[CV 6/10; 7/8] END estimator=DecisionTreeClassifier(), n_estimators=50;, score=0.985 total time=  15.0s
[CV 8/10; 7/8] END estimator=DecisionTreeClassifier(), n_estimators=50;, score=0.990 total time=  14.7s
[CV 9/10; 7/8] END estimator=DecisionTreeClassifier(), n_estimators=50;, score=0.990 total time=  14.6s
[CV 10/10; 7/8] END estimator=DecisionTreeClassifier(), n_estimators=50;, score=0.995 total time=  14.7s
[CV 7/10; 7/8] END estimator=DecisionTreeClassifier(), n_estimators=50;, score=0.995 total time=  15.5s
[CV 3/10; 8/8] END estimator=DecisionTreeClassifier(), n_estimators=250;, score=1.000 total time= 1.2min
[CV 2/10; 8/8] END estimator=DecisionTreeClassifier(), n_estimators=250;, score=0.990 total time= 1.2min
[CV 6/10; 8/8] END estimator=DecisionTreeClassifier(), n_estimators=250;, score=0.985 total time= 1.2min
[CV 1/10; 8/8] END estimator=DecisionTreeClassifier(), n_estimators=250;, score=1.000 total time= 1.2min
[CV 4/10; 8/8] END estimator=DecisionTreeClassifier(), n_estimators=250;, score=0.995 total time= 1.2min
[CV 5/10; 8/8] END estimator=DecisionTreeClassifier(), n_estimators=250;, score=0.995 total time= 1.2min
[CV 8/10; 8/8] END estimator=DecisionTreeClassifier(), n_estimators=250;, score=0.990 total time= 1.2min
[CV 7/10; 8/8] END estimator=DecisionTreeClassifier(), n_estimators=250;, score=0.995 total time= 1.2min
[CV 9/10; 8/8] END estimator=DecisionTreeClassifier(), n_estimators=250;, score=0.990 total time= 1.2min
[CV 10/10; 8/8] END estimator=DecisionTreeClassifier(), n_estimators=250;, score=0.995 total time= 1.2min
[CV 2/10; 1/8] END estimator=RandomForestClassifier(), n_estimators=5;, score=0.990 total time= 2.2min
[CV 8/10; 1/8] END estimator=RandomForestClassifier(), n_estimators=5;, score=0.990 total time= 2.2min
[CV 9/10; 1/8] END estimator=RandomForestClassifier(), n_estimators=5;, score=1.000 total time= 2.3min
[CV 7/10; 1/8] END estimator=RandomForestClassifier(), n_estimators=5;, score=1.000 total time= 2.3min
[CV 10/10; 1/8] END estimator=RandomForestClassifier(), n_estimators=5;, score=0.995 total time= 2.3min
[CV 1/10; 1/8] END estimator=RandomForestClassifier(), n_estimators=5;, score=1.000 total time= 2.3min
[CV 6/10; 1/8] END estimator=RandomForestClassifier(), n_estimators=5;, score=0.995 total time= 2.3min
[CV 3/10; 1/8] END estimator=RandomForestClassifier(), n_estimators=5;, score=1.000 total time= 2.3min
[CV 5/10; 1/8] END estimator=RandomForestClassifier(), n_estimators=5;, score=1.000 total time= 2.3min
[CV 4/10; 1/8] END estimator=RandomForestClassifier(), n_estimators=5;, score=1.000 total time= 2.3min
[CV 2/10; 2/8] END estimator=RandomForestClassifier(), n_estimators=10;, score=0.990 total time= 3.5min
[CV 8/10; 2/8] END estimator=RandomForestClassifier(), n_estimators=10;, score=0.990 total time= 3.5min
[CV 3/10; 2/8] END estimator=RandomForestClassifier(), n_estimators=10;, score=1.000 total time= 3.6min
[CV 6/10; 2/8] END estimator=RandomForestClassifier(), n_estimators=10;, score=0.995 total time= 3.6min
[CV 1/10; 2/8] END estimator=RandomForestClassifier(), n_estimators=10;, score=1.000 total time= 3.7min
[CV 9/10; 2/8] END estimator=RandomForestClassifier(), n_estimators=10;, score=1.000 total time= 3.7min
[CV 4/10; 2/8] END estimator=RandomForestClassifier(), n_estimators=10;, score=1.000 total time= 3.7min
[CV 10/10; 2/8] END estimator=RandomForestClassifier(), n_estimators=10;, score=0.995 total time= 3.7min
[CV 7/10; 2/8] END estimator=RandomForestClassifier(), n_estimators=10;, score=1.000 total time= 3.7min
[CV 5/10; 2/8] END estimator=RandomForestClassifier(), n_estimators=10;, score=1.000 total time= 3.7min
[CV 2/10; 3/8] END estimator=RandomForestClassifier(), n_estimators=50;, score=0.990 total time=10.6min
[CV 8/10; 3/8] END estimator=RandomForestClassifier(), n_estimators=50;, score=0.990 total time=10.7min
[CV 6/10; 3/8] END estimator=RandomForestClassifier(), n_estimators=50;, score=0.995 total time=10.7min
[CV 10/10; 3/8] END estimator=RandomForestClassifier(), n_estimators=50;, score=0.995 total time=10.9min
[CV 9/10; 3/8] END estimator=RandomForestClassifier(), n_estimators=50;, score=1.000 total time=10.9min
[CV 4/10; 3/8] END estimator=RandomForestClassifier(), n_estimators=50;, score=1.000 total time=10.9min
[CV 5/10; 3/8] END estimator=RandomForestClassifier(), n_estimators=50;, score=1.000 total time=10.9min
[CV 3/10; 3/8] END estimator=RandomForestClassifier(), n_estimators=50;, score=1.000 total time=10.9min
[CV 7/10; 3/8] END estimator=RandomForestClassifier(), n_estimators=50;, score=1.000 total time=11.0min
[CV 1/10; 3/8] END estimator=RandomForestClassifier(), n_estimators=50;, score=1.000 total time=11.0min
[CV 2/10; 4/8] END estimator=RandomForestClassifier(), n_estimators=250;, score=0.990 total time=27.6min
[CV 8/10; 4/8] END estimator=RandomForestClassifier(), n_estimators=250;, score=0.990 total time=27.8min
[CV 6/10; 4/8] END estimator=RandomForestClassifier(), n_estimators=250;, score=0.995 total time=28.4min
[CV 10/10; 4/8] END estimator=RandomForestClassifier(), n_estimators=250;, score=0.995 total time=28.7min
[CV 9/10; 4/8] END estimator=RandomForestClassifier(), n_estimators=250;, score=1.000 total time=28.7min
[CV 5/10; 4/8] END estimator=RandomForestClassifier(), n_estimators=250;, score=1.000 total time=28.7min
[CV 1/10; 4/8] END estimator=RandomForestClassifier(), n_estimators=250;, score=1.000 total time=28.8min
[CV 3/10; 4/8] END estimator=RandomForestClassifier(), n_estimators=250;, score=1.000 total time=28.8min
[CV 7/10; 4/8] END estimator=RandomForestClassifier(), n_estimators=250;, score=1.000 total time=28.8min
[CV 4/10; 4/8] END estimator=RandomForestClassifier(), n_estimators=250;, score=1.000 total time=28.8min
0.997 (+/-0.0079) for {'estimator': RandomForestClassifier(), 'n_estimators': 5}
0.997 (+/-0.0079) for {'estimator': RandomForestClassifier(), 'n_estimators': 10}
0.997 (+/-0.0079) for {'estimator': RandomForestClassifier(), 'n_estimators': 50}
0.997 (+/-0.0079) for {'estimator': RandomForestClassifier(), 'n_estimators': 250}
0.9931 (+/-0.009) for {'estimator': DecisionTreeClassifier(), 'n_estimators': 5}
0.9941 (+/-0.0096) for {'estimator': DecisionTreeClassifier(), 'n_estimators': 10}
0.9941 (+/-0.0096) for {'estimator': DecisionTreeClassifier(), 'n_estimators': 50}
0.9936 (+/-0.0089) for {'estimator': DecisionTreeClassifier(), 'n_estimators': 250}
BEST PARAMS for Bagging + PEIMSMOTE: {'estimator': RandomForestClassifier(), 'n_estimators': 5}

Train time for Bagging + PEIMSMOTE: 28.846457699934643 min
