

Welcome to [92mRan[94mM[91mL

[0m
Your choices: 
Data:  False
Train:  [92mTrue[0m
SMOTE:  [92mTrue[0m
Class Weight:  False
NLP:  False [0m
Predict:  False
ROC:  False
CM:  False
BEST:  False
Models:  ['BAG']
Please wait while things initialize ...
2024-09-28 16:37:22.985994
ROM Dataset stats - Category: Ransomware       2385
Utilities         222
Internet           76
Graphics           55
Office             53
Games              50
Music / Video      42
Security           30
Development        18
Education           9
Name: category, dtype: int64
ROM Dataset stats - Label: 
1    2387
0     553
Name: label, dtype: int64
ROM Dataset stats - Shape: (2940, 10)
Loading data ..
Dataset TRAIN ROMSMOTE: 
1    1432
0    1432
Name: label, dtype: int64
Dataset VAL ROMSMOTE: 
1    478
0    477
Name: label, dtype: int64
Dataset TEST ROMSMOTE: 
0    478
1    477
Name: label, dtype: int64


Training Classifiers ...

Training Bagging for ROMSMOTE...
Fitting 10 folds for each of 8 candidates, totalling 80 fits
[CV 1/10; 1/8] START estimator=RandomForestClassifier(), n_estimators=5.........
[CV 6/10; 1/8] START estimator=RandomForestClassifier(), n_estimators=5.........
[CV 8/10; 1/8] START estimator=RandomForestClassifier(), n_estimators=5.........
[CV 7/10; 1/8] START estimator=RandomForestClassifier(), n_estimators=5.........
[CV 2/10; 1/8] START estimator=RandomForestClassifier(), n_estimators=5.........
[CV 9/10; 1/8] START estimator=RandomForestClassifier(), n_estimators=5.........
[CV 10/10; 1/8] START estimator=RandomForestClassifier(), n_estimators=5........
[CV 3/10; 1/8] START estimator=RandomForestClassifier(), n_estimators=5.........
[CV 1/10; 2/8] START estimator=RandomForestClassifier(), n_estimators=10........
[CV 2/10; 2/8] START estimator=RandomForestClassifier(), n_estimators=10........
[CV 3/10; 2/8] START estimator=RandomForestClassifier(), n_estimators=10........
[CV 4/10; 1/8] START estimator=RandomForestClassifier(), n_estimators=5.........
[CV 4/10; 2/8] START estimator=RandomForestClassifier(), n_estimators=10........
[CV 5/10; 1/8] START estimator=RandomForestClassifier(), n_estimators=5.........
[CV 5/10; 2/8] START estimator=RandomForestClassifier(), n_estimators=10........
[CV 6/10; 2/8] START estimator=RandomForestClassifier(), n_estimators=10........
[CV 7/10; 2/8] START estimator=RandomForestClassifier(), n_estimators=10........
[CV 8/10; 2/8] START estimator=RandomForestClassifier(), n_estimators=10........
[CV 9/10; 2/8] START estimator=RandomForestClassifier(), n_estimators=10........
[CV 10/10; 2/8] START estimator=RandomForestClassifier(), n_estimators=10.......
[CV 1/10; 3/8] START estimator=RandomForestClassifier(), n_estimators=50........
[CV 2/10; 3/8] START estimator=RandomForestClassifier(), n_estimators=50........
[CV 3/10; 3/8] START estimator=RandomForestClassifier(), n_estimators=50........
[CV 4/10; 3/8] START estimator=RandomForestClassifier(), n_estimators=50........
[CV 5/10; 3/8] START estimator=RandomForestClassifier(), n_estimators=50........
[CV 6/10; 3/8] START estimator=RandomForestClassifier(), n_estimators=50........
[CV 7/10; 3/8] START estimator=RandomForestClassifier(), n_estimators=50........
[CV 8/10; 3/8] START estimator=RandomForestClassifier(), n_estimators=50........
[CV 9/10; 3/8] START estimator=RandomForestClassifier(), n_estimators=50........
[CV 10/10; 3/8] START estimator=RandomForestClassifier(), n_estimators=50.......
[CV 1/10; 4/8] START estimator=RandomForestClassifier(), n_estimators=250.......
[CV 2/10; 4/8] START estimator=RandomForestClassifier(), n_estimators=250.......
[CV 3/10; 4/8] START estimator=RandomForestClassifier(), n_estimators=250.......
[CV 4/10; 4/8] START estimator=RandomForestClassifier(), n_estimators=250.......
[CV 5/10; 4/8] START estimator=RandomForestClassifier(), n_estimators=250.......
[CV 6/10; 4/8] START estimator=RandomForestClassifier(), n_estimators=250.......
[CV 7/10; 4/8] START estimator=RandomForestClassifier(), n_estimators=250.......
[CV 8/10; 4/8] START estimator=RandomForestClassifier(), n_estimators=250.......
[CV 9/10; 4/8] START estimator=RandomForestClassifier(), n_estimators=250.......
[CV 10/10; 4/8] START estimator=RandomForestClassifier(), n_estimators=250......
[CV 1/10; 5/8] START estimator=DecisionTreeClassifier(), n_estimators=5.........
[CV 2/10; 5/8] START estimator=DecisionTreeClassifier(), n_estimators=5.........
[CV 3/10; 5/8] START estimator=DecisionTreeClassifier(), n_estimators=5.........
[CV 4/10; 5/8] START estimator=DecisionTreeClassifier(), n_estimators=5.........
[CV 5/10; 5/8] START estimator=DecisionTreeClassifier(), n_estimators=5.........
[CV 6/10; 5/8] START estimator=DecisionTreeClassifier(), n_estimators=5.........
[CV 7/10; 5/8] START estimator=DecisionTreeClassifier(), n_estimators=5.........
[CV 8/10; 5/8] START estimator=DecisionTreeClassifier(), n_estimators=5.........
[CV 9/10; 5/8] START estimator=DecisionTreeClassifier(), n_estimators=5.........
[CV 10/10; 5/8] START estimator=DecisionTreeClassifier(), n_estimators=5........
[CV 1/10; 6/8] START estimator=DecisionTreeClassifier(), n_estimators=10........
[CV 2/10; 6/8] START estimator=DecisionTreeClassifier(), n_estimators=10........
[CV 3/10; 6/8] START estimator=DecisionTreeClassifier(), n_estimators=10........
[CV 4/10; 6/8] START estimator=DecisionTreeClassifier(), n_estimators=10........
[CV 5/10; 6/8] START estimator=DecisionTreeClassifier(), n_estimators=10........
[CV 6/10; 6/8] START estimator=DecisionTreeClassifier(), n_estimators=10........
[CV 1/10; 5/8] END estimator=DecisionTreeClassifier(), n_estimators=5;, score=0.941 total time=   3.7s
[CV 7/10; 6/8] START estimator=DecisionTreeClassifier(), n_estimators=10........
[CV 2/10; 5/8] END estimator=DecisionTreeClassifier(), n_estimators=5;, score=0.958 total time=   3.7s
[CV 8/10; 6/8] START estimator=DecisionTreeClassifier(), n_estimators=10........
[CV 7/10; 5/8] END estimator=DecisionTreeClassifier(), n_estimators=5;, score=0.937 total time=   3.5s
[CV 9/10; 6/8] START estimator=DecisionTreeClassifier(), n_estimators=10........
[CV 5/10; 5/8] END estimator=DecisionTreeClassifier(), n_estimators=5;, score=0.948 total time=   3.7s
[CV 10/10; 6/8] START estimator=DecisionTreeClassifier(), n_estimators=10.......
[CV 6/10; 5/8] END estimator=DecisionTreeClassifier(), n_estimators=5;, score=0.948 total time=   3.7s
[CV 1/10; 7/8] START estimator=DecisionTreeClassifier(), n_estimators=50........
[CV 10/10; 5/8] END estimator=DecisionTreeClassifier(), n_estimators=5;, score=0.941 total time=   3.5s
[CV 2/10; 7/8] START estimator=DecisionTreeClassifier(), n_estimators=50........
[CV 3/10; 5/8] END estimator=DecisionTreeClassifier(), n_estimators=5;, score=0.913 total time=   4.0s
[CV 3/10; 7/8] START estimator=DecisionTreeClassifier(), n_estimators=50........
[CV 4/10; 5/8] END estimator=DecisionTreeClassifier(), n_estimators=5;, score=0.948 total time=   3.9s
[CV 4/10; 7/8] START estimator=DecisionTreeClassifier(), n_estimators=50........
[CV 9/10; 5/8] END estimator=DecisionTreeClassifier(), n_estimators=5;, score=0.930 total time=   3.8s
[CV 5/10; 7/8] START estimator=DecisionTreeClassifier(), n_estimators=50........
[CV 8/10; 5/8] END estimator=DecisionTreeClassifier(), n_estimators=5;, score=0.909 total time=   4.0s
[CV 6/10; 7/8] START estimator=DecisionTreeClassifier(), n_estimators=50........
[CV 1/10; 6/8] END estimator=DecisionTreeClassifier(), n_estimators=10;, score=0.941 total time=   4.6s
[CV 7/10; 7/8] START estimator=DecisionTreeClassifier(), n_estimators=50........
[CV 4/10; 6/8] END estimator=DecisionTreeClassifier(), n_estimators=10;, score=0.948 total time=   4.5s
[CV 8/10; 7/8] START estimator=DecisionTreeClassifier(), n_estimators=50........
[CV 3/10; 6/8] END estimator=DecisionTreeClassifier(), n_estimators=10;, score=0.909 total time=   4.8s
[CV 9/10; 7/8] START estimator=DecisionTreeClassifier(), n_estimators=50........
[CV 5/10; 6/8] END estimator=DecisionTreeClassifier(), n_estimators=10;, score=0.944 total time=   4.6s
[CV 10/10; 7/8] START estimator=DecisionTreeClassifier(), n_estimators=50.......


Welcome to [92mRan[94mM[91mL

[0m
Your choices: 
Data:  False
Train:  [92mTrue[0m
SMOTE:  [92mTrue[0m
Class Weight:  False
NLP:  False [0m
Predict:  False
ROC:  False
CM:  False
BEST:  False
Models:  ['BAG']
Please wait while things initialize ...
2024-09-29 18:38:05.470159
ROM Dataset stats - Category: Ransomware       2385
Utilities         222
Internet           76
Graphics           55
Office             53
Games              50
Music / Video      42
Security           30
Development        18
Education           9
Name: category, dtype: int64
ROM Dataset stats - Label: 
1    2387
0     553
Name: label, dtype: int64
ROM Dataset stats - Shape: (2940, 10)
Loading data ..
Dataset TRAIN ROMSMOTE: 
1    1432
0    1432
Name: label, dtype: int64
Dataset VAL ROMSMOTE: 
1    478
0    477
Name: label, dtype: int64
Dataset TEST ROMSMOTE: 
0    478
1    477
Name: label, dtype: int64


Training Classifiers ...

Training Bagging for ROMSMOTE...
Fitting 10 folds for each of 8 candidates, totalling 80 fits
[CV 1/10; 1/8] START estimator=RandomForestClassifier(), n_estimators=5.........
[CV 8/10; 1/8] START estimator=RandomForestClassifier(), n_estimators=5.........
[CV 2/10; 1/8] START estimator=RandomForestClassifier(), n_estimators=5.........
[CV 9/10; 1/8] START estimator=RandomForestClassifier(), n_estimators=5.........
[CV 3/10; 1/8] START estimator=RandomForestClassifier(), n_estimators=5.........
[CV 4/10; 1/8] START estimator=RandomForestClassifier(), n_estimators=5.........
[CV 10/10; 1/8] START estimator=RandomForestClassifier(), n_estimators=5........
[CV 1/10; 2/8] START estimator=RandomForestClassifier(), n_estimators=10........
[CV 5/10; 1/8] START estimator=RandomForestClassifier(), n_estimators=5.........
[CV 2/10; 2/8] START estimator=RandomForestClassifier(), n_estimators=10........
[CV 3/10; 2/8] START estimator=RandomForestClassifier(), n_estimators=10........
[CV 6/10; 1/8] START estimator=RandomForestClassifier(), n_estimators=5.........
[CV 4/10; 2/8] START estimator=RandomForestClassifier(), n_estimators=10........
[CV 5/10; 2/8] START estimator=RandomForestClassifier(), n_estimators=10........
[CV 7/10; 1/8] START estimator=RandomForestClassifier(), n_estimators=5.........
[CV 6/10; 2/8] START estimator=RandomForestClassifier(), n_estimators=10........
[CV 7/10; 2/8] START estimator=RandomForestClassifier(), n_estimators=10........
[CV 8/10; 2/8] START estimator=RandomForestClassifier(), n_estimators=10........
[CV 9/10; 2/8] START estimator=RandomForestClassifier(), n_estimators=10........
[CV 10/10; 2/8] START estimator=RandomForestClassifier(), n_estimators=10.......
[CV 1/10; 3/8] START estimator=RandomForestClassifier(), n_estimators=50........
[CV 2/10; 3/8] START estimator=RandomForestClassifier(), n_estimators=50........
[CV 3/10; 3/8] START estimator=RandomForestClassifier(), n_estimators=50........
[CV 4/10; 3/8] START estimator=RandomForestClassifier(), n_estimators=50........
[CV 5/10; 3/8] START estimator=RandomForestClassifier(), n_estimators=50........
[CV 6/10; 3/8] START estimator=RandomForestClassifier(), n_estimators=50........
[CV 7/10; 3/8] START estimator=RandomForestClassifier(), n_estimators=50........
[CV 8/10; 3/8] START estimator=RandomForestClassifier(), n_estimators=50........
[CV 9/10; 3/8] START estimator=RandomForestClassifier(), n_estimators=50........
[CV 10/10; 3/8] START estimator=RandomForestClassifier(), n_estimators=50.......
[CV 1/10; 4/8] START estimator=RandomForestClassifier(), n_estimators=250.......
[CV 2/10; 4/8] START estimator=RandomForestClassifier(), n_estimators=250.......
[CV 3/10; 4/8] START estimator=RandomForestClassifier(), n_estimators=250.......
[CV 4/10; 4/8] START estimator=RandomForestClassifier(), n_estimators=250.......
[CV 5/10; 4/8] START estimator=RandomForestClassifier(), n_estimators=250.......
[CV 6/10; 4/8] START estimator=RandomForestClassifier(), n_estimators=250.......
[CV 7/10; 4/8] START estimator=RandomForestClassifier(), n_estimators=250.......
[CV 8/10; 4/8] START estimator=RandomForestClassifier(), n_estimators=250.......
[CV 9/10; 4/8] START estimator=RandomForestClassifier(), n_estimators=250.......
[CV 10/10; 4/8] START estimator=RandomForestClassifier(), n_estimators=250......
[CV 1/10; 5/8] START estimator=DecisionTreeClassifier(), n_estimators=5.........
[CV 2/10; 5/8] START estimator=DecisionTreeClassifier(), n_estimators=5.........
[CV 3/10; 5/8] START estimator=DecisionTreeClassifier(), n_estimators=5.........
[CV 4/10; 5/8] START estimator=DecisionTreeClassifier(), n_estimators=5.........
[CV 5/10; 5/8] START estimator=DecisionTreeClassifier(), n_estimators=5.........
[CV 6/10; 5/8] START estimator=DecisionTreeClassifier(), n_estimators=5.........
[CV 7/10; 5/8] START estimator=DecisionTreeClassifier(), n_estimators=5.........
[CV 8/10; 5/8] START estimator=DecisionTreeClassifier(), n_estimators=5.........
[CV 9/10; 5/8] START estimator=DecisionTreeClassifier(), n_estimators=5.........
[CV 10/10; 5/8] START estimator=DecisionTreeClassifier(), n_estimators=5........
[CV 1/10; 6/8] START estimator=DecisionTreeClassifier(), n_estimators=10........
[CV 2/10; 6/8] START estimator=DecisionTreeClassifier(), n_estimators=10........
[CV 3/10; 6/8] START estimator=DecisionTreeClassifier(), n_estimators=10........
[CV 4/10; 6/8] START estimator=DecisionTreeClassifier(), n_estimators=10........
[CV 5/10; 6/8] START estimator=DecisionTreeClassifier(), n_estimators=10........
[CV 6/10; 6/8] START estimator=DecisionTreeClassifier(), n_estimators=10........
[CV 6/10; 5/8] END estimator=DecisionTreeClassifier(), n_estimators=5;, score=0.948 total time=   2.4s
[CV 7/10; 6/8] START estimator=DecisionTreeClassifier(), n_estimators=10........
[CV 9/10; 5/8] END estimator=DecisionTreeClassifier(), n_estimators=5;, score=0.937 total time=   2.4s
[CV 8/10; 6/8] START estimator=DecisionTreeClassifier(), n_estimators=10........
[CV 5/10; 5/8] END estimator=DecisionTreeClassifier(), n_estimators=5;, score=0.944 total time=   2.7s
[CV 9/10; 6/8] START estimator=DecisionTreeClassifier(), n_estimators=10........
[CV 1/10; 5/8] END estimator=DecisionTreeClassifier(), n_estimators=5;, score=0.937 total time=   2.8s
[CV 10/10; 6/8] START estimator=DecisionTreeClassifier(), n_estimators=10.......
[CV 8/10; 5/8] END estimator=DecisionTreeClassifier(), n_estimators=5;, score=0.895 total time=   2.6s
[CV 1/10; 7/8] START estimator=DecisionTreeClassifier(), n_estimators=50........
[CV 4/10; 5/8] END estimator=DecisionTreeClassifier(), n_estimators=5;, score=0.941 total time=   2.8s
[CV 2/10; 7/8] START estimator=DecisionTreeClassifier(), n_estimators=50........
[CV 3/10; 5/8] END estimator=DecisionTreeClassifier(), n_estimators=5;, score=0.920 total time=   3.0s
[CV 3/10; 7/8] START estimator=DecisionTreeClassifier(), n_estimators=50........
[CV 7/10; 5/8] END estimator=DecisionTreeClassifier(), n_estimators=5;, score=0.934 total time=   2.8s
[CV 4/10; 7/8] START estimator=DecisionTreeClassifier(), n_estimators=50........
[CV 10/10; 5/8] END estimator=DecisionTreeClassifier(), n_estimators=5;, score=0.930 total time=   2.7s
[CV 5/10; 7/8] START estimator=DecisionTreeClassifier(), n_estimators=50........
[CV 2/10; 5/8] END estimator=DecisionTreeClassifier(), n_estimators=5;, score=0.958 total time=   3.2s
[CV 6/10; 7/8] START estimator=DecisionTreeClassifier(), n_estimators=50........
[CV 3/10; 6/8] END estimator=DecisionTreeClassifier(), n_estimators=10;, score=0.916 total time=   3.8s
[CV 7/10; 7/8] START estimator=DecisionTreeClassifier(), n_estimators=50........
[CV 1/10; 6/8] END estimator=DecisionTreeClassifier(), n_estimators=10;, score=0.937 total time=   4.1s
[CV 8/10; 7/8] START estimator=DecisionTreeClassifier(), n_estimators=50........
[CV 4/10; 6/8] END estimator=DecisionTreeClassifier(), n_estimators=10;, score=0.941 total time=   4.0s
[CV 9/10; 7/8] START estimator=DecisionTreeClassifier(), n_estimators=50........
[CV 5/10; 6/8] END estimator=DecisionTreeClassifier(), n_estimators=10;, score=0.948 total time=   4.0s
[CV 10/10; 7/8] START estimator=DecisionTreeClassifier(), n_estimators=50.......
[CV 2/10; 6/8] END estimator=DecisionTreeClassifier(), n_estimators=10;, score=0.958 total time=   4.3s
[CV 1/10; 8/8] START estimator=DecisionTreeClassifier(), n_estimators=250.......
[CV 6/10; 6/8] END estimator=DecisionTreeClassifier(), n_estimators=10;, score=0.948 total time=   4.2s
[CV 2/10; 8/8] START estimator=DecisionTreeClassifier(), n_estimators=250.......
[CV 8/10; 6/8] END estimator=DecisionTreeClassifier(), n_estimators=10;, score=0.913 total time=   3.3s
[CV 3/10; 8/8] START estimator=DecisionTreeClassifier(), n_estimators=250.......
[CV 10/10; 6/8] END estimator=DecisionTreeClassifier(), n_estimators=10;, score=0.937 total time=   3.3s
[CV 4/10; 8/8] START estimator=DecisionTreeClassifier(), n_estimators=250.......
[CV 9/10; 6/8] END estimator=DecisionTreeClassifier(), n_estimators=10;, score=0.937 total time=   3.6s
[CV 5/10; 8/8] START estimator=DecisionTreeClassifier(), n_estimators=250.......
[CV 7/10; 6/8] END estimator=DecisionTreeClassifier(), n_estimators=10;, score=0.944 total time=   3.8s
[CV 6/10; 8/8] START estimator=DecisionTreeClassifier(), n_estimators=250.......
[CV 1/10; 7/8] END estimator=DecisionTreeClassifier(), n_estimators=50;, score=0.944 total time=  15.9s
[CV 7/10; 8/8] START estimator=DecisionTreeClassifier(), n_estimators=250.......
[CV 4/10; 7/8] END estimator=DecisionTreeClassifier(), n_estimators=50;, score=0.944 total time=  15.8s
[CV 8/10; 8/8] START estimator=DecisionTreeClassifier(), n_estimators=250.......
[CV 2/10; 7/8] END estimator=DecisionTreeClassifier(), n_estimators=50;, score=0.962 total time=  16.6s
[CV 9/10; 8/8] START estimator=DecisionTreeClassifier(), n_estimators=250.......
[CV 3/10; 7/8] END estimator=DecisionTreeClassifier(), n_estimators=50;, score=0.920 total time=  16.5s
[CV 10/10; 8/8] START estimator=DecisionTreeClassifier(), n_estimators=250......
[CV 5/10; 7/8] END estimator=DecisionTreeClassifier(), n_estimators=50;, score=0.948 total time=  16.6s
[CV 6/10; 7/8] END estimator=DecisionTreeClassifier(), n_estimators=50;, score=0.944 total time=  16.7s
[CV 8/10; 7/8] END estimator=DecisionTreeClassifier(), n_estimators=50;, score=0.899 total time=  15.7s
[CV 9/10; 7/8] END estimator=DecisionTreeClassifier(), n_estimators=50;, score=0.934 total time=  15.7s
[CV 10/10; 7/8] END estimator=DecisionTreeClassifier(), n_estimators=50;, score=0.937 total time=  16.0s
[CV 7/10; 7/8] END estimator=DecisionTreeClassifier(), n_estimators=50;, score=0.937 total time=  16.4s
[CV 2/10; 8/8] END estimator=DecisionTreeClassifier(), n_estimators=250;, score=0.962 total time= 1.3min
[CV 1/10; 8/8] END estimator=DecisionTreeClassifier(), n_estimators=250;, score=0.941 total time= 1.3min
[CV 4/10; 8/8] END estimator=DecisionTreeClassifier(), n_estimators=250;, score=0.948 total time= 1.3min
[CV 6/10; 8/8] END estimator=DecisionTreeClassifier(), n_estimators=250;, score=0.944 total time= 1.3min
[CV 3/10; 8/8] END estimator=DecisionTreeClassifier(), n_estimators=250;, score=0.906 total time= 1.3min
[CV 5/10; 8/8] END estimator=DecisionTreeClassifier(), n_estimators=250;, score=0.948 total time= 1.4min
[CV 7/10; 8/8] END estimator=DecisionTreeClassifier(), n_estimators=250;, score=0.937 total time= 1.3min
[CV 10/10; 8/8] END estimator=DecisionTreeClassifier(), n_estimators=250;, score=0.944 total time= 1.3min
[CV 8/10; 8/8] END estimator=DecisionTreeClassifier(), n_estimators=250;, score=0.899 total time= 1.3min
[CV 9/10; 8/8] END estimator=DecisionTreeClassifier(), n_estimators=250;, score=0.937 total time= 1.3min
[CV 2/10; 1/8] END estimator=RandomForestClassifier(), n_estimators=5;, score=0.958 total time= 2.4min
[CV 7/10; 1/8] END estimator=RandomForestClassifier(), n_estimators=5;, score=0.937 total time= 2.4min
[CV 10/10; 1/8] END estimator=RandomForestClassifier(), n_estimators=5;, score=0.937 total time= 2.4min
[CV 1/10; 1/8] END estimator=RandomForestClassifier(), n_estimators=5;, score=0.951 total time= 2.5min
[CV 9/10; 1/8] END estimator=RandomForestClassifier(), n_estimators=5;, score=0.944 total time= 2.5min
[CV 5/10; 1/8] END estimator=RandomForestClassifier(), n_estimators=5;, score=0.948 total time= 2.5min
[CV 3/10; 1/8] END estimator=RandomForestClassifier(), n_estimators=5;, score=0.916 total time= 2.5min
[CV 6/10; 1/8] END estimator=RandomForestClassifier(), n_estimators=5;, score=0.944 total time= 2.5min
[CV 4/10; 1/8] END estimator=RandomForestClassifier(), n_estimators=5;, score=0.948 total time= 2.5min
[CV 8/10; 1/8] END estimator=RandomForestClassifier(), n_estimators=5;, score=0.902 total time= 2.5min
[CV 7/10; 2/8] END estimator=RandomForestClassifier(), n_estimators=10;, score=0.934 total time= 3.9min
[CV 2/10; 2/8] END estimator=RandomForestClassifier(), n_estimators=10;, score=0.958 total time= 3.9min
[CV 4/10; 2/8] END estimator=RandomForestClassifier(), n_estimators=10;, score=0.944 total time= 3.9min
[CV 8/10; 2/8] END estimator=RandomForestClassifier(), n_estimators=10;, score=0.895 total time= 3.9min
[CV 10/10; 2/8] END estimator=RandomForestClassifier(), n_estimators=10;, score=0.941 total time= 3.9min
[CV 3/10; 2/8] END estimator=RandomForestClassifier(), n_estimators=10;, score=0.913 total time= 4.0min
[CV 5/10; 2/8] END estimator=RandomForestClassifier(), n_estimators=10;, score=0.948 total time= 4.0min
[CV 6/10; 2/8] END estimator=RandomForestClassifier(), n_estimators=10;, score=0.944 total time= 4.0min
[CV 9/10; 2/8] END estimator=RandomForestClassifier(), n_estimators=10;, score=0.944 total time= 4.0min
[CV 1/10; 2/8] END estimator=RandomForestClassifier(), n_estimators=10;, score=0.951 total time= 4.0min
[CV 8/10; 3/8] END estimator=RandomForestClassifier(), n_estimators=50;, score=0.899 total time=11.6min
[CV 2/10; 3/8] END estimator=RandomForestClassifier(), n_estimators=50;, score=0.958 total time=11.7min
[CV 7/10; 3/8] END estimator=RandomForestClassifier(), n_estimators=50;, score=0.937 total time=11.7min
[CV 10/10; 3/8] END estimator=RandomForestClassifier(), n_estimators=50;, score=0.941 total time=11.7min
[CV 4/10; 3/8] END estimator=RandomForestClassifier(), n_estimators=50;, score=0.941 total time=11.8min
[CV 3/10; 3/8] END estimator=RandomForestClassifier(), n_estimators=50;, score=0.913 total time=11.8min
[CV 6/10; 3/8] END estimator=RandomForestClassifier(), n_estimators=50;, score=0.944 total time=11.8min
[CV 1/10; 3/8] END estimator=RandomForestClassifier(), n_estimators=50;, score=0.951 total time=11.8min
[CV 5/10; 3/8] END estimator=RandomForestClassifier(), n_estimators=50;, score=0.948 total time=11.8min
[CV 9/10; 3/8] END estimator=RandomForestClassifier(), n_estimators=50;, score=0.948 total time=11.8min
[CV 8/10; 4/8] END estimator=RandomForestClassifier(), n_estimators=250;, score=0.899 total time=30.3min
[CV 3/10; 4/8] END estimator=RandomForestClassifier(), n_estimators=250;, score=0.913 total time=30.4min
[CV 10/10; 4/8] END estimator=RandomForestClassifier(), n_estimators=250;, score=0.941 total time=30.3min
[CV 6/10; 4/8] END estimator=RandomForestClassifier(), n_estimators=250;, score=0.944 total time=30.4min
[CV 5/10; 4/8] END estimator=RandomForestClassifier(), n_estimators=250;, score=0.948 total time=30.4min
[CV 9/10; 4/8] END estimator=RandomForestClassifier(), n_estimators=250;, score=0.948 total time=30.4min
[CV 7/10; 4/8] END estimator=RandomForestClassifier(), n_estimators=250;, score=0.937 total time=30.4min
[CV 4/10; 4/8] END estimator=RandomForestClassifier(), n_estimators=250;, score=0.941 total time=30.4min
[CV 2/10; 4/8] END estimator=RandomForestClassifier(), n_estimators=250;, score=0.958 total time=30.4min
[CV 1/10; 4/8] END estimator=RandomForestClassifier(), n_estimators=250;, score=0.951 total time=30.4min
0.9385 (+/-0.0322) for {'estimator': RandomForestClassifier(), 'n_estimators': 5}
0.9371 (+/-0.0362) for {'estimator': RandomForestClassifier(), 'n_estimators': 10}
0.9378 (+/-0.0346) for {'estimator': RandomForestClassifier(), 'n_estimators': 50}
0.9378 (+/-0.0346) for {'estimator': RandomForestClassifier(), 'n_estimators': 250}
0.9344 (+/-0.0326) for {'estimator': DecisionTreeClassifier(), 'n_estimators': 5}
0.9378 (+/-0.0265) for {'estimator': DecisionTreeClassifier(), 'n_estimators': 10}
0.9368 (+/-0.0326) for {'estimator': DecisionTreeClassifier(), 'n_estimators': 50}
0.9364 (+/-0.0368) for {'estimator': DecisionTreeClassifier(), 'n_estimators': 250}
BEST PARAMS for Bagging + ROMSMOTE: {'estimator': RandomForestClassifier(), 'n_estimators': 5}

Train time for Bagging + ROMSMOTE: 30.46875198284785 min
